#! /usr/bin/vvp
:ivl_version "11.0 (stable)";
:ivl_delay_selection "TYPICAL";
:vpi_time_precision - 9;
:vpi_module "/usr/lib/aarch64-linux-gnu/ivl/system.vpi";
:vpi_module "/usr/lib/aarch64-linux-gnu/ivl/vhdl_sys.vpi";
:vpi_module "/usr/lib/aarch64-linux-gnu/ivl/vhdl_textio.vpi";
:vpi_module "/usr/lib/aarch64-linux-gnu/ivl/v2005_math.vpi";
:vpi_module "/usr/lib/aarch64-linux-gnu/ivl/va_math.vpi";
S_0xaaaaea02fd20 .scope module, "systolic_array_2x2_tb" "systolic_array_2x2_tb" 2 5;
 .timescale -9 -9;
P_0xaaaaea026270 .param/l "DATA_WIDTH" 0 2 8, +C4<00000000000000000000000000010000>;
P_0xaaaaea0262b0 .param/l "dim" 0 2 9, +C4<00000000000000000000000000000010>;
v0xaaaaea0541f0_0 .var/i "A_file", 31 0;
v0xaaaaea0542f0_0 .var/i "B_file", 31 0;
v0xaaaaea0543d0_0 .var/i "inFromFile_A", 31 0;
v0xaaaaea054490_0 .var/i "inFromFile_B", 31 0;
v0xaaaaea054570_0 .var "tb_FDi_0", 15 0;
v0xaaaaea054630_0 .var "tb_FDi_0_temp", 15 0;
v0xaaaaea054710_0 .var "tb_FDi_1", 15 0;
v0xaaaaea0547d0_0 .var "tb_FDi_1_temp", 15 0;
v0xaaaaea0548b0_0 .net "tb_FDo_0", 15 0, v0xaaaaea051050_0;  1 drivers
v0xaaaaea054a00_0 .net "tb_FDo_1", 15 0, v0xaaaaea052660_0;  1 drivers
v0xaaaaea054b10_0 .net "tb_GD_0", 15 0, v0xaaaaea04fb40_0;  1 drivers
v0xaaaaea054c20_0 .net "tb_GD_1", 15 0, v0xaaaaea052740_0;  1 drivers
v0xaaaaea054d30_0 .var "tb_RD_0", 15 0;
v0xaaaaea054e40_0 .var "tb_RD_1", 15 0;
v0xaaaaea054f50_0 .var "tb_bd_PE_0", 0 0;
v0xaaaaea054ff0_0 .var "tb_bd_PE_1", 0 0;
v0xaaaaea055090_0 .var "tb_clk", 0 0;
v0xaaaaea055130_0 .var "tb_load", 0 0;
v0xaaaaea0551d0_0 .var "tb_rst", 0 0;
S_0xaaaaea0118b0 .scope module, "sa_inst_2x2" "systolic_array_2x2" 2 20, 3 4 0, S_0xaaaaea02fd20;
 .timescale -9 -9;
    .port_info 0 /INPUT 16 "sa_RD_0";
    .port_info 1 /INPUT 16 "sa_RD_1";
    .port_info 2 /INPUT 16 "sa_FDi_0";
    .port_info 3 /INPUT 16 "sa_FDi_1";
    .port_info 4 /INPUT 1 "sa_clk";
    .port_info 5 /INPUT 1 "sa_rst";
    .port_info 6 /INPUT 1 "sa_load";
    .port_info 7 /INPUT 1 "sa_bd_PE_0";
    .port_info 8 /INPUT 1 "sa_bd_PE_1";
    .port_info 9 /OUTPUT 16 "sa_GD_0";
    .port_info 10 /OUTPUT 16 "sa_GD_1";
    .port_info 11 /OUTPUT 16 "sa_FDo_0";
    .port_info 12 /OUTPUT 16 "sa_FDo_1";
P_0xaaaaea011a40 .param/l "DATA_WIDTH" 0 3 6, +C4<00000000000000000000000000010000>;
v0xaaaaea0531c0_0 .net "FDi_FDo_0", 15 0, v0xaaaaea04e430_0;  1 drivers
v0xaaaaea0532a0_0 .net "FDi_FDo_1", 15 0, v0xaaaaea04fa60_0;  1 drivers
v0xaaaaea0533b0_0 .net "GD_RD_0", 15 0, v0xaaaaea04e510_0;  1 drivers
v0xaaaaea0534a0_0 .net "GD_RD_1", 15 0, v0xaaaaea051130_0;  1 drivers
v0xaaaaea0535b0_0 .net "sa_FDi_0", 15 0, v0xaaaaea054570_0;  1 drivers
v0xaaaaea0536c0_0 .net "sa_FDi_1", 15 0, v0xaaaaea054710_0;  1 drivers
v0xaaaaea053760_0 .net "sa_FDo_0", 15 0, v0xaaaaea051050_0;  alias, 1 drivers
v0xaaaaea053800_0 .net "sa_FDo_1", 15 0, v0xaaaaea052660_0;  alias, 1 drivers
v0xaaaaea0538a0_0 .net "sa_GD_0", 15 0, v0xaaaaea04fb40_0;  alias, 1 drivers
v0xaaaaea053970_0 .net "sa_GD_1", 15 0, v0xaaaaea052740_0;  alias, 1 drivers
v0xaaaaea053a40_0 .net "sa_RD_0", 15 0, v0xaaaaea054d30_0;  1 drivers
v0xaaaaea053b10_0 .net "sa_RD_1", 15 0, v0xaaaaea054e40_0;  1 drivers
v0xaaaaea053be0_0 .net "sa_bd_PE_0", 0 0, v0xaaaaea054f50_0;  1 drivers
v0xaaaaea053c80_0 .net "sa_bd_PE_1", 0 0, v0xaaaaea054ff0_0;  1 drivers
v0xaaaaea053d70_0 .net "sa_clk", 0 0, v0xaaaaea055090_0;  1 drivers
v0xaaaaea053ea0_0 .net "sa_load", 0 0, v0xaaaaea055130_0;  1 drivers
v0xaaaaea053fd0_0 .net "sa_rst", 0 0, v0xaaaaea0551d0_0;  1 drivers
S_0xaaaae9fcecf0 .scope module, "pe_inst_0" "pe" 3 34, 4 3 0, S_0xaaaaea0118b0;
 .timescale -9 -9;
    .port_info 0 /INPUT 16 "RD";
    .port_info 1 /INPUT 16 "FDi";
    .port_info 2 /INPUT 1 "clk";
    .port_info 3 /INPUT 1 "rst";
    .port_info 4 /INPUT 1 "load";
    .port_info 5 /INPUT 1 "bd_PE";
    .port_info 6 /OUTPUT 16 "GD";
    .port_info 7 /OUTPUT 16 "FDo";
P_0xaaaae9fceed0 .param/l "DATA_WIDTH" 0 4 12, +C4<00000000000000000000000000010000>;
P_0xaaaae9fcef10 .param/l "PE_rst" 0 4 13, +C4<00000000000000000000000000000000>;
P_0xaaaae9fcef50 .param/l "feed_get" 0 4 16, +C4<00000000000000000000000000000011>;
P_0xaaaae9fcef90 .param/l "feed_out" 0 4 17, +C4<00000000000000000000000000000100>;
P_0xaaaae9fcefd0 .param/l "load_LR" 0 4 14, +C4<00000000000000000000000000000001>;
P_0xaaaae9fcf010 .param/l "load_out" 0 4 15, +C4<00000000000000000000000000000010>;
v0xaaaaea02c8b0_0 .net "FDi", 15 0, v0xaaaaea054570_0;  alias, 1 drivers
v0xaaaaea028ac0_0 .var "FDi_reg_0", 15 0;
v0xaaaaea024ca0_0 .var "FDi_reg_1", 15 0;
v0xaaaaea04e430_0 .var "FDo", 15 0;
v0xaaaaea04e510_0 .var "GD", 15 0;
v0xaaaaea04e640_0 .var "LR", 15 0;
v0xaaaaea04e720_0 .net "RD", 15 0, v0xaaaaea054d30_0;  alias, 1 drivers
v0xaaaaea04e800 .array "RD_reg", 1 0, 15 0;
v0xaaaaea04e8c0_0 .net "bd_PE", 0 0, v0xaaaaea054f50_0;  alias, 1 drivers
v0xaaaaea04e980_0 .net "clk", 0 0, v0xaaaaea055090_0;  alias, 1 drivers
v0xaaaaea04ea40_0 .net "load", 0 0, v0xaaaaea055130_0;  alias, 1 drivers
v0xaaaaea04eb00_0 .var "mac", 15 0;
v0xaaaaea04ebe0_0 .var "mult", 15 0;
v0xaaaaea04ecc0_0 .var "n_state", 2 0;
v0xaaaaea04eda0_0 .var "p_state", 2 0;
v0xaaaaea04ee80_0 .net "rst", 0 0, v0xaaaaea0551d0_0;  alias, 1 drivers
E_0xaaaaea00a180 .event posedge, v0xaaaaea04e980_0;
E_0xaaaaea00a020 .event edge, v0xaaaaea04ea40_0, v0xaaaaea04eda0_0;
S_0xaaaaea04f040 .scope module, "pe_inst_1" "pe" 3 46, 4 3 0, S_0xaaaaea0118b0;
 .timescale -9 -9;
    .port_info 0 /INPUT 16 "RD";
    .port_info 1 /INPUT 16 "FDi";
    .port_info 2 /INPUT 1 "clk";
    .port_info 3 /INPUT 1 "rst";
    .port_info 4 /INPUT 1 "load";
    .port_info 5 /INPUT 1 "bd_PE";
    .port_info 6 /OUTPUT 16 "GD";
    .port_info 7 /OUTPUT 16 "FDo";
P_0xaaaaea04f1f0 .param/l "DATA_WIDTH" 0 4 12, +C4<00000000000000000000000000010000>;
P_0xaaaaea04f230 .param/l "PE_rst" 0 4 13, +C4<00000000000000000000000000000000>;
P_0xaaaaea04f270 .param/l "feed_get" 0 4 16, +C4<00000000000000000000000000000011>;
P_0xaaaaea04f2b0 .param/l "feed_out" 0 4 17, +C4<00000000000000000000000000000100>;
P_0xaaaaea04f2f0 .param/l "load_LR" 0 4 14, +C4<00000000000000000000000000000001>;
P_0xaaaaea04f330 .param/l "load_out" 0 4 15, +C4<00000000000000000000000000000010>;
v0xaaaaea04f790_0 .net "FDi", 15 0, v0xaaaaea054710_0;  alias, 1 drivers
v0xaaaaea04f890_0 .var "FDi_reg_0", 15 0;
v0xaaaaea04f970_0 .var "FDi_reg_1", 15 0;
v0xaaaaea04fa60_0 .var "FDo", 15 0;
v0xaaaaea04fb40_0 .var "GD", 15 0;
v0xaaaaea04fc70_0 .var "LR", 15 0;
v0xaaaaea04fd50_0 .net "RD", 15 0, v0xaaaaea04e510_0;  alias, 1 drivers
v0xaaaaea04fe10 .array "RD_reg", 1 0, 15 0;
v0xaaaaea04feb0_0 .net "bd_PE", 0 0, v0xaaaaea054ff0_0;  alias, 1 drivers
v0xaaaaea04ff70_0 .net "clk", 0 0, v0xaaaaea055090_0;  alias, 1 drivers
v0xaaaaea050040_0 .net "load", 0 0, v0xaaaaea055130_0;  alias, 1 drivers
v0xaaaaea050110_0 .var "mac", 15 0;
v0xaaaaea0501b0_0 .var "mult", 15 0;
v0xaaaaea050290_0 .var "n_state", 2 0;
v0xaaaaea050370_0 .var "p_state", 2 0;
v0xaaaaea050450_0 .net "rst", 0 0, v0xaaaaea0551d0_0;  alias, 1 drivers
E_0xaaaaea007fb0 .event edge, v0xaaaaea04ea40_0, v0xaaaaea050370_0;
S_0xaaaaea050600 .scope module, "pe_inst_2" "pe" 3 58, 4 3 0, S_0xaaaaea0118b0;
 .timescale -9 -9;
    .port_info 0 /INPUT 16 "RD";
    .port_info 1 /INPUT 16 "FDi";
    .port_info 2 /INPUT 1 "clk";
    .port_info 3 /INPUT 1 "rst";
    .port_info 4 /INPUT 1 "load";
    .port_info 5 /INPUT 1 "bd_PE";
    .port_info 6 /OUTPUT 16 "GD";
    .port_info 7 /OUTPUT 16 "FDo";
P_0xaaaaea0507c0 .param/l "DATA_WIDTH" 0 4 12, +C4<00000000000000000000000000010000>;
P_0xaaaaea050800 .param/l "PE_rst" 0 4 13, +C4<00000000000000000000000000000000>;
P_0xaaaaea050840 .param/l "feed_get" 0 4 16, +C4<00000000000000000000000000000011>;
P_0xaaaaea050880 .param/l "feed_out" 0 4 17, +C4<00000000000000000000000000000100>;
P_0xaaaaea0508c0 .param/l "load_LR" 0 4 14, +C4<00000000000000000000000000000001>;
P_0xaaaaea050900 .param/l "load_out" 0 4 15, +C4<00000000000000000000000000000010>;
v0xaaaaea050d90_0 .net "FDi", 15 0, v0xaaaaea04e430_0;  alias, 1 drivers
v0xaaaaea050ea0_0 .var "FDi_reg_0", 15 0;
v0xaaaaea050f60_0 .var "FDi_reg_1", 15 0;
v0xaaaaea051050_0 .var "FDo", 15 0;
v0xaaaaea051130_0 .var "GD", 15 0;
v0xaaaaea051260_0 .var "LR", 15 0;
v0xaaaaea051340_0 .net "RD", 15 0, v0xaaaaea054e40_0;  alias, 1 drivers
v0xaaaaea051420 .array "RD_reg", 1 0, 15 0;
v0xaaaaea0514e0_0 .net "bd_PE", 0 0, v0xaaaaea054f50_0;  alias, 1 drivers
v0xaaaaea051580_0 .net "clk", 0 0, v0xaaaaea055090_0;  alias, 1 drivers
v0xaaaaea051620_0 .net "load", 0 0, v0xaaaaea055130_0;  alias, 1 drivers
v0xaaaaea051710_0 .var "mac", 15 0;
v0xaaaaea0517d0_0 .var "mult", 15 0;
v0xaaaaea0518b0_0 .var "n_state", 2 0;
v0xaaaaea051990_0 .var "p_state", 2 0;
v0xaaaaea051a70_0 .net "rst", 0 0, v0xaaaaea0551d0_0;  alias, 1 drivers
E_0xaaaae9ff2930 .event edge, v0xaaaaea04ea40_0, v0xaaaaea051990_0;
S_0xaaaaea051cb0 .scope module, "pe_inst_3" "pe" 3 70, 4 3 0, S_0xaaaaea0118b0;
 .timescale -9 -9;
    .port_info 0 /INPUT 16 "RD";
    .port_info 1 /INPUT 16 "FDi";
    .port_info 2 /INPUT 1 "clk";
    .port_info 3 /INPUT 1 "rst";
    .port_info 4 /INPUT 1 "load";
    .port_info 5 /INPUT 1 "bd_PE";
    .port_info 6 /OUTPUT 16 "GD";
    .port_info 7 /OUTPUT 16 "FDo";
P_0xaaaaea051e40 .param/l "DATA_WIDTH" 0 4 12, +C4<00000000000000000000000000010000>;
P_0xaaaaea051e80 .param/l "PE_rst" 0 4 13, +C4<00000000000000000000000000000000>;
P_0xaaaaea051ec0 .param/l "feed_get" 0 4 16, +C4<00000000000000000000000000000011>;
P_0xaaaaea051f00 .param/l "feed_out" 0 4 17, +C4<00000000000000000000000000000100>;
P_0xaaaaea051f40 .param/l "load_LR" 0 4 14, +C4<00000000000000000000000000000001>;
P_0xaaaaea051f80 .param/l "load_out" 0 4 15, +C4<00000000000000000000000000000010>;
v0xaaaaea0523a0_0 .net "FDi", 15 0, v0xaaaaea04fa60_0;  alias, 1 drivers
v0xaaaaea0524b0_0 .var "FDi_reg_0", 15 0;
v0xaaaaea052570_0 .var "FDi_reg_1", 15 0;
v0xaaaaea052660_0 .var "FDo", 15 0;
v0xaaaaea052740_0 .var "GD", 15 0;
v0xaaaaea052870_0 .var "LR", 15 0;
v0xaaaaea052950_0 .net "RD", 15 0, v0xaaaaea051130_0;  alias, 1 drivers
v0xaaaaea052a10 .array "RD_reg", 1 0, 15 0;
v0xaaaaea052ab0_0 .net "bd_PE", 0 0, v0xaaaaea054ff0_0;  alias, 1 drivers
v0xaaaaea052b80_0 .net "clk", 0 0, v0xaaaaea055090_0;  alias, 1 drivers
v0xaaaaea052c20_0 .net "load", 0 0, v0xaaaaea055130_0;  alias, 1 drivers
v0xaaaaea052cc0_0 .var "mac", 15 0;
v0xaaaaea052d80_0 .var "mult", 15 0;
v0xaaaaea052e60_0 .var "n_state", 2 0;
v0xaaaaea052f40_0 .var "p_state", 2 0;
v0xaaaaea053020_0 .net "rst", 0 0, v0xaaaaea0551d0_0;  alias, 1 drivers
E_0xaaaaea02f6a0 .event edge, v0xaaaaea04ea40_0, v0xaaaaea052f40_0;
    .scope S_0xaaaae9fcecf0;
T_0 ;
    %wait E_0xaaaaea00a020;
    %load/vec4 v0xaaaaea04eda0_0;
    %dup/vec4;
    %pushi/vec4 0, 0, 3;
    %cmp/u;
    %jmp/1 T_0.0, 6;
    %dup/vec4;
    %pushi/vec4 1, 0, 3;
    %cmp/u;
    %jmp/1 T_0.1, 6;
    %dup/vec4;
    %pushi/vec4 2, 0, 3;
    %cmp/u;
    %jmp/1 T_0.2, 6;
    %dup/vec4;
    %pushi/vec4 3, 0, 3;
    %cmp/u;
    %jmp/1 T_0.3, 6;
    %dup/vec4;
    %pushi/vec4 4, 0, 3;
    %cmp/u;
    %jmp/1 T_0.4, 6;
    %pushi/vec4 0, 0, 3;
    %store/vec4 v0xaaaaea04ecc0_0, 0, 3;
    %jmp T_0.6;
T_0.0 ;
    %load/vec4 v0xaaaaea04ea40_0;
    %flag_set/vec4 8;
    %jmp/0xz  T_0.7, 8;
    %pushi/vec4 1, 0, 3;
    %store/vec4 v0xaaaaea04ecc0_0, 0, 3;
    %jmp T_0.8;
T_0.7 ;
    %pushi/vec4 3, 0, 3;
    %store/vec4 v0xaaaaea04ecc0_0, 0, 3;
T_0.8 ;
    %jmp T_0.6;
T_0.1 ;
    %load/vec4 v0xaaaaea04e720_0;
    %ix/load 4, 0, 0;
    %flag_set/imm 4, 0;
    %store/vec4a v0xaaaaea04e800, 4, 0;
    %load/vec4 v0xaaaaea04e720_0;
    %store/vec4 v0xaaaaea04e640_0, 0, 16;
    %ix/load 4, 1, 0;
    %flag_set/imm 4, 0;
    %load/vec4a v0xaaaaea04e800, 4;
    %store/vec4 v0xaaaaea04e510_0, 0, 16;
    %pushi/vec4 2, 0, 3;
    %store/vec4 v0xaaaaea04ecc0_0, 0, 3;
    %jmp T_0.6;
T_0.2 ;
    %load/vec4 v0xaaaaea04e720_0;
    %ix/load 4, 1, 0;
    %flag_set/imm 4, 0;
    %store/vec4a v0xaaaaea04e800, 4, 0;
    %load/vec4 v0xaaaaea04e720_0;
    %store/vec4 v0xaaaaea04e640_0, 0, 16;
    %load/vec4 v0xaaaaea02c8b0_0;
    %store/vec4 v0xaaaaea028ac0_0, 0, 16;
    %ix/load 4, 0, 0;
    %flag_set/imm 4, 0;
    %load/vec4a v0xaaaaea04e800, 4;
    %store/vec4 v0xaaaaea04e510_0, 0, 16;
    %load/vec4 v0xaaaaea04ea40_0;
    %flag_set/vec4 8;
    %jmp/0xz  T_0.9, 8;
    %pushi/vec4 1, 0, 3;
    %store/vec4 v0xaaaaea04ecc0_0, 0, 3;
    %jmp T_0.10;
T_0.9 ;
    %pushi/vec4 3, 0, 3;
    %store/vec4 v0xaaaaea04ecc0_0, 0, 3;
T_0.10 ;
    %jmp T_0.6;
T_0.3 ;
    %load/vec4 v0xaaaaea04e720_0;
    %ix/load 4, 0, 0;
    %flag_set/imm 4, 0;
    %store/vec4a v0xaaaaea04e800, 4, 0;
    %load/vec4 v0xaaaaea02c8b0_0;
    %store/vec4 v0xaaaaea024ca0_0, 0, 16;
    %load/vec4 v0xaaaaea04eb00_0;
    %store/vec4 v0xaaaaea04e510_0, 0, 16;
    %load/vec4 v0xaaaaea028ac0_0;
    %store/vec4 v0xaaaaea04e430_0, 0, 16;
    %load/vec4 v0xaaaaea04ea40_0;
    %flag_set/vec4 8;
    %jmp/0xz  T_0.11, 8;
    %pushi/vec4 1, 0, 3;
    %store/vec4 v0xaaaaea04ecc0_0, 0, 3;
    %jmp T_0.12;
T_0.11 ;
    %load/vec4 v0xaaaaea028ac0_0;
    %load/vec4 v0xaaaaea04e640_0;
    %mul;
    %store/vec4 v0xaaaaea04ebe0_0, 0, 16;
    %load/vec4 v0xaaaaea04e8c0_0;
    %flag_set/vec4 8;
    %jmp/0xz  T_0.13, 8;
    %load/vec4 v0xaaaaea04ebe0_0;
    %store/vec4 v0xaaaaea04eb00_0, 0, 16;
    %jmp T_0.14;
T_0.13 ;
    %ix/load 4, 1, 0;
    %flag_set/imm 4, 0;
    %load/vec4a v0xaaaaea04e800, 4;
    %load/vec4 v0xaaaaea04ebe0_0;
    %add;
    %store/vec4 v0xaaaaea04eb00_0, 0, 16;
T_0.14 ;
    %pushi/vec4 4, 0, 3;
    %store/vec4 v0xaaaaea04ecc0_0, 0, 3;
T_0.12 ;
    %jmp T_0.6;
T_0.4 ;
    %load/vec4 v0xaaaaea04e720_0;
    %ix/load 4, 1, 0;
    %flag_set/imm 4, 0;
    %store/vec4a v0xaaaaea04e800, 4, 0;
    %load/vec4 v0xaaaaea02c8b0_0;
    %store/vec4 v0xaaaaea028ac0_0, 0, 16;
    %load/vec4 v0xaaaaea04eb00_0;
    %store/vec4 v0xaaaaea04e510_0, 0, 16;
    %load/vec4 v0xaaaaea024ca0_0;
    %store/vec4 v0xaaaaea04e430_0, 0, 16;
    %load/vec4 v0xaaaaea04ea40_0;
    %flag_set/vec4 8;
    %jmp/0xz  T_0.15, 8;
    %pushi/vec4 1, 0, 3;
    %store/vec4 v0xaaaaea04ecc0_0, 0, 3;
    %jmp T_0.16;
T_0.15 ;
    %load/vec4 v0xaaaaea024ca0_0;
    %load/vec4 v0xaaaaea04e640_0;
    %mul;
    %store/vec4 v0xaaaaea04ebe0_0, 0, 16;
    %load/vec4 v0xaaaaea04e8c0_0;
    %flag_set/vec4 8;
    %jmp/0xz  T_0.17, 8;
    %load/vec4 v0xaaaaea04ebe0_0;
    %store/vec4 v0xaaaaea04eb00_0, 0, 16;
    %jmp T_0.18;
T_0.17 ;
    %ix/load 4, 0, 0;
    %flag_set/imm 4, 0;
    %load/vec4a v0xaaaaea04e800, 4;
    %load/vec4 v0xaaaaea04ebe0_0;
    %add;
    %store/vec4 v0xaaaaea04eb00_0, 0, 16;
T_0.18 ;
    %pushi/vec4 3, 0, 3;
    %store/vec4 v0xaaaaea04ecc0_0, 0, 3;
T_0.16 ;
    %jmp T_0.6;
T_0.6 ;
    %pop/vec4 1;
    %jmp T_0;
    .thread T_0, $push;
    .scope S_0xaaaae9fcecf0;
T_1 ;
    %wait E_0xaaaaea00a180;
    %load/vec4 v0xaaaaea04ee80_0;
    %flag_set/vec4 8;
    %jmp/0xz  T_1.0, 8;
    %pushi/vec4 0, 0, 3;
    %store/vec4 v0xaaaaea04eda0_0, 0, 3;
    %jmp T_1.1;
T_1.0 ;
    %load/vec4 v0xaaaaea04ecc0_0;
    %store/vec4 v0xaaaaea04eda0_0, 0, 3;
T_1.1 ;
    %jmp T_1;
    .thread T_1;
    .scope S_0xaaaaea04f040;
T_2 ;
    %wait E_0xaaaaea007fb0;
    %load/vec4 v0xaaaaea050370_0;
    %dup/vec4;
    %pushi/vec4 0, 0, 3;
    %cmp/u;
    %jmp/1 T_2.0, 6;
    %dup/vec4;
    %pushi/vec4 1, 0, 3;
    %cmp/u;
    %jmp/1 T_2.1, 6;
    %dup/vec4;
    %pushi/vec4 2, 0, 3;
    %cmp/u;
    %jmp/1 T_2.2, 6;
    %dup/vec4;
    %pushi/vec4 3, 0, 3;
    %cmp/u;
    %jmp/1 T_2.3, 6;
    %dup/vec4;
    %pushi/vec4 4, 0, 3;
    %cmp/u;
    %jmp/1 T_2.4, 6;
    %pushi/vec4 0, 0, 3;
    %store/vec4 v0xaaaaea050290_0, 0, 3;
    %jmp T_2.6;
T_2.0 ;
    %load/vec4 v0xaaaaea050040_0;
    %flag_set/vec4 8;
    %jmp/0xz  T_2.7, 8;
    %pushi/vec4 1, 0, 3;
    %store/vec4 v0xaaaaea050290_0, 0, 3;
    %jmp T_2.8;
T_2.7 ;
    %pushi/vec4 3, 0, 3;
    %store/vec4 v0xaaaaea050290_0, 0, 3;
T_2.8 ;
    %jmp T_2.6;
T_2.1 ;
    %load/vec4 v0xaaaaea04fd50_0;
    %ix/load 4, 0, 0;
    %flag_set/imm 4, 0;
    %store/vec4a v0xaaaaea04fe10, 4, 0;
    %load/vec4 v0xaaaaea04fd50_0;
    %store/vec4 v0xaaaaea04fc70_0, 0, 16;
    %ix/load 4, 1, 0;
    %flag_set/imm 4, 0;
    %load/vec4a v0xaaaaea04fe10, 4;
    %store/vec4 v0xaaaaea04fb40_0, 0, 16;
    %pushi/vec4 2, 0, 3;
    %store/vec4 v0xaaaaea050290_0, 0, 3;
    %jmp T_2.6;
T_2.2 ;
    %load/vec4 v0xaaaaea04fd50_0;
    %ix/load 4, 1, 0;
    %flag_set/imm 4, 0;
    %store/vec4a v0xaaaaea04fe10, 4, 0;
    %load/vec4 v0xaaaaea04fd50_0;
    %store/vec4 v0xaaaaea04fc70_0, 0, 16;
    %load/vec4 v0xaaaaea04f790_0;
    %store/vec4 v0xaaaaea04f890_0, 0, 16;
    %ix/load 4, 0, 0;
    %flag_set/imm 4, 0;
    %load/vec4a v0xaaaaea04fe10, 4;
    %store/vec4 v0xaaaaea04fb40_0, 0, 16;
    %load/vec4 v0xaaaaea050040_0;
    %flag_set/vec4 8;
    %jmp/0xz  T_2.9, 8;
    %pushi/vec4 1, 0, 3;
    %store/vec4 v0xaaaaea050290_0, 0, 3;
    %jmp T_2.10;
T_2.9 ;
    %pushi/vec4 3, 0, 3;
    %store/vec4 v0xaaaaea050290_0, 0, 3;
T_2.10 ;
    %jmp T_2.6;
T_2.3 ;
    %load/vec4 v0xaaaaea04fd50_0;
    %ix/load 4, 0, 0;
    %flag_set/imm 4, 0;
    %store/vec4a v0xaaaaea04fe10, 4, 0;
    %load/vec4 v0xaaaaea04f790_0;
    %store/vec4 v0xaaaaea04f970_0, 0, 16;
    %load/vec4 v0xaaaaea050110_0;
    %store/vec4 v0xaaaaea04fb40_0, 0, 16;
    %load/vec4 v0xaaaaea04f890_0;
    %store/vec4 v0xaaaaea04fa60_0, 0, 16;
    %load/vec4 v0xaaaaea050040_0;
    %flag_set/vec4 8;
    %jmp/0xz  T_2.11, 8;
    %pushi/vec4 1, 0, 3;
    %store/vec4 v0xaaaaea050290_0, 0, 3;
    %jmp T_2.12;
T_2.11 ;
    %load/vec4 v0xaaaaea04f890_0;
    %load/vec4 v0xaaaaea04fc70_0;
    %mul;
    %store/vec4 v0xaaaaea0501b0_0, 0, 16;
    %load/vec4 v0xaaaaea04feb0_0;
    %flag_set/vec4 8;
    %jmp/0xz  T_2.13, 8;
    %load/vec4 v0xaaaaea0501b0_0;
    %store/vec4 v0xaaaaea050110_0, 0, 16;
    %jmp T_2.14;
T_2.13 ;
    %ix/load 4, 1, 0;
    %flag_set/imm 4, 0;
    %load/vec4a v0xaaaaea04fe10, 4;
    %load/vec4 v0xaaaaea0501b0_0;
    %add;
    %store/vec4 v0xaaaaea050110_0, 0, 16;
T_2.14 ;
    %pushi/vec4 4, 0, 3;
    %store/vec4 v0xaaaaea050290_0, 0, 3;
T_2.12 ;
    %jmp T_2.6;
T_2.4 ;
    %load/vec4 v0xaaaaea04fd50_0;
    %ix/load 4, 1, 0;
    %flag_set/imm 4, 0;
    %store/vec4a v0xaaaaea04fe10, 4, 0;
    %load/vec4 v0xaaaaea04f790_0;
    %store/vec4 v0xaaaaea04f890_0, 0, 16;
    %load/vec4 v0xaaaaea050110_0;
    %store/vec4 v0xaaaaea04fb40_0, 0, 16;
    %load/vec4 v0xaaaaea04f970_0;
    %store/vec4 v0xaaaaea04fa60_0, 0, 16;
    %load/vec4 v0xaaaaea050040_0;
    %flag_set/vec4 8;
    %jmp/0xz  T_2.15, 8;
    %pushi/vec4 1, 0, 3;
    %store/vec4 v0xaaaaea050290_0, 0, 3;
    %jmp T_2.16;
T_2.15 ;
    %load/vec4 v0xaaaaea04f970_0;
    %load/vec4 v0xaaaaea04fc70_0;
    %mul;
    %store/vec4 v0xaaaaea0501b0_0, 0, 16;
    %load/vec4 v0xaaaaea04feb0_0;
    %flag_set/vec4 8;
    %jmp/0xz  T_2.17, 8;
    %load/vec4 v0xaaaaea0501b0_0;
    %store/vec4 v0xaaaaea050110_0, 0, 16;
    %jmp T_2.18;
T_2.17 ;
    %ix/load 4, 0, 0;
    %flag_set/imm 4, 0;
    %load/vec4a v0xaaaaea04fe10, 4;
    %load/vec4 v0xaaaaea0501b0_0;
    %add;
    %store/vec4 v0xaaaaea050110_0, 0, 16;
T_2.18 ;
    %pushi/vec4 3, 0, 3;
    %store/vec4 v0xaaaaea050290_0, 0, 3;
T_2.16 ;
    %jmp T_2.6;
T_2.6 ;
    %pop/vec4 1;
    %jmp T_2;
    .thread T_2, $push;
    .scope S_0xaaaaea04f040;
T_3 ;
    %wait E_0xaaaaea00a180;
    %load/vec4 v0xaaaaea050450_0;
    %flag_set/vec4 8;
    %jmp/0xz  T_3.0, 8;
    %pushi/vec4 0, 0, 3;
    %store/vec4 v0xaaaaea050370_0, 0, 3;
    %jmp T_3.1;
T_3.0 ;
    %load/vec4 v0xaaaaea050290_0;
    %store/vec4 v0xaaaaea050370_0, 0, 3;
T_3.1 ;
    %jmp T_3;
    .thread T_3;
    .scope S_0xaaaaea050600;
T_4 ;
    %wait E_0xaaaae9ff2930;
    %load/vec4 v0xaaaaea051990_0;
    %dup/vec4;
    %pushi/vec4 0, 0, 3;
    %cmp/u;
    %jmp/1 T_4.0, 6;
    %dup/vec4;
    %pushi/vec4 1, 0, 3;
    %cmp/u;
    %jmp/1 T_4.1, 6;
    %dup/vec4;
    %pushi/vec4 2, 0, 3;
    %cmp/u;
    %jmp/1 T_4.2, 6;
    %dup/vec4;
    %pushi/vec4 3, 0, 3;
    %cmp/u;
    %jmp/1 T_4.3, 6;
    %dup/vec4;
    %pushi/vec4 4, 0, 3;
    %cmp/u;
    %jmp/1 T_4.4, 6;
    %pushi/vec4 0, 0, 3;
    %store/vec4 v0xaaaaea0518b0_0, 0, 3;
    %jmp T_4.6;
T_4.0 ;
    %load/vec4 v0xaaaaea051620_0;
    %flag_set/vec4 8;
    %jmp/0xz  T_4.7, 8;
    %pushi/vec4 1, 0, 3;
    %store/vec4 v0xaaaaea0518b0_0, 0, 3;
    %jmp T_4.8;
T_4.7 ;
    %pushi/vec4 3, 0, 3;
    %store/vec4 v0xaaaaea0518b0_0, 0, 3;
T_4.8 ;
    %jmp T_4.6;
T_4.1 ;
    %load/vec4 v0xaaaaea051340_0;
    %ix/load 4, 0, 0;
    %flag_set/imm 4, 0;
    %store/vec4a v0xaaaaea051420, 4, 0;
    %load/vec4 v0xaaaaea051340_0;
    %store/vec4 v0xaaaaea051260_0, 0, 16;
    %ix/load 4, 1, 0;
    %flag_set/imm 4, 0;
    %load/vec4a v0xaaaaea051420, 4;
    %store/vec4 v0xaaaaea051130_0, 0, 16;
    %pushi/vec4 2, 0, 3;
    %store/vec4 v0xaaaaea0518b0_0, 0, 3;
    %jmp T_4.6;
T_4.2 ;
    %load/vec4 v0xaaaaea051340_0;
    %ix/load 4, 1, 0;
    %flag_set/imm 4, 0;
    %store/vec4a v0xaaaaea051420, 4, 0;
    %load/vec4 v0xaaaaea051340_0;
    %store/vec4 v0xaaaaea051260_0, 0, 16;
    %load/vec4 v0xaaaaea050d90_0;
    %store/vec4 v0xaaaaea050ea0_0, 0, 16;
    %ix/load 4, 0, 0;
    %flag_set/imm 4, 0;
    %load/vec4a v0xaaaaea051420, 4;
    %store/vec4 v0xaaaaea051130_0, 0, 16;
    %load/vec4 v0xaaaaea051620_0;
    %flag_set/vec4 8;
    %jmp/0xz  T_4.9, 8;
    %pushi/vec4 1, 0, 3;
    %store/vec4 v0xaaaaea0518b0_0, 0, 3;
    %jmp T_4.10;
T_4.9 ;
    %pushi/vec4 3, 0, 3;
    %store/vec4 v0xaaaaea0518b0_0, 0, 3;
T_4.10 ;
    %jmp T_4.6;
T_4.3 ;
    %load/vec4 v0xaaaaea051340_0;
    %ix/load 4, 0, 0;
    %flag_set/imm 4, 0;
    %store/vec4a v0xaaaaea051420, 4, 0;
    %load/vec4 v0xaaaaea050d90_0;
    %store/vec4 v0xaaaaea050f60_0, 0, 16;
    %load/vec4 v0xaaaaea051710_0;
    %store/vec4 v0xaaaaea051130_0, 0, 16;
    %load/vec4 v0xaaaaea050ea0_0;
    %store/vec4 v0xaaaaea051050_0, 0, 16;
    %load/vec4 v0xaaaaea051620_0;
    %flag_set/vec4 8;
    %jmp/0xz  T_4.11, 8;
    %pushi/vec4 1, 0, 3;
    %store/vec4 v0xaaaaea0518b0_0, 0, 3;
    %jmp T_4.12;
T_4.11 ;
    %load/vec4 v0xaaaaea050ea0_0;
    %load/vec4 v0xaaaaea051260_0;
    %mul;
    %store/vec4 v0xaaaaea0517d0_0, 0, 16;
    %load/vec4 v0xaaaaea0514e0_0;
    %flag_set/vec4 8;
    %jmp/0xz  T_4.13, 8;
    %load/vec4 v0xaaaaea0517d0_0;
    %store/vec4 v0xaaaaea051710_0, 0, 16;
    %jmp T_4.14;
T_4.13 ;
    %ix/load 4, 1, 0;
    %flag_set/imm 4, 0;
    %load/vec4a v0xaaaaea051420, 4;
    %load/vec4 v0xaaaaea0517d0_0;
    %add;
    %store/vec4 v0xaaaaea051710_0, 0, 16;
T_4.14 ;
    %pushi/vec4 4, 0, 3;
    %store/vec4 v0xaaaaea0518b0_0, 0, 3;
T_4.12 ;
    %jmp T_4.6;
T_4.4 ;
    %load/vec4 v0xaaaaea051340_0;
    %ix/load 4, 1, 0;
    %flag_set/imm 4, 0;
    %store/vec4a v0xaaaaea051420, 4, 0;
    %load/vec4 v0xaaaaea050d90_0;
    %store/vec4 v0xaaaaea050ea0_0, 0, 16;
    %load/vec4 v0xaaaaea051710_0;
    %store/vec4 v0xaaaaea051130_0, 0, 16;
    %load/vec4 v0xaaaaea050f60_0;
    %store/vec4 v0xaaaaea051050_0, 0, 16;
    %load/vec4 v0xaaaaea051620_0;
    %flag_set/vec4 8;
    %jmp/0xz  T_4.15, 8;
    %pushi/vec4 1, 0, 3;
    %store/vec4 v0xaaaaea0518b0_0, 0, 3;
    %jmp T_4.16;
T_4.15 ;
    %load/vec4 v0xaaaaea050f60_0;
    %load/vec4 v0xaaaaea051260_0;
    %mul;
    %store/vec4 v0xaaaaea0517d0_0, 0, 16;
    %load/vec4 v0xaaaaea0514e0_0;
    %flag_set/vec4 8;
    %jmp/0xz  T_4.17, 8;
    %load/vec4 v0xaaaaea0517d0_0;
    %store/vec4 v0xaaaaea051710_0, 0, 16;
    %jmp T_4.18;
T_4.17 ;
    %ix/load 4, 0, 0;
    %flag_set/imm 4, 0;
    %load/vec4a v0xaaaaea051420, 4;
    %load/vec4 v0xaaaaea0517d0_0;
    %add;
    %store/vec4 v0xaaaaea051710_0, 0, 16;
T_4.18 ;
    %pushi/vec4 3, 0, 3;
    %store/vec4 v0xaaaaea0518b0_0, 0, 3;
T_4.16 ;
    %jmp T_4.6;
T_4.6 ;
    %pop/vec4 1;
    %jmp T_4;
    .thread T_4, $push;
    .scope S_0xaaaaea050600;
T_5 ;
    %wait E_0xaaaaea00a180;
    %load/vec4 v0xaaaaea051a70_0;
    %flag_set/vec4 8;
    %jmp/0xz  T_5.0, 8;
    %pushi/vec4 0, 0, 3;
    %store/vec4 v0xaaaaea051990_0, 0, 3;
    %jmp T_5.1;
T_5.0 ;
    %load/vec4 v0xaaaaea0518b0_0;
    %store/vec4 v0xaaaaea051990_0, 0, 3;
T_5.1 ;
    %jmp T_5;
    .thread T_5;
    .scope S_0xaaaaea051cb0;
T_6 ;
    %wait E_0xaaaaea02f6a0;
    %load/vec4 v0xaaaaea052f40_0;
    %dup/vec4;
    %pushi/vec4 0, 0, 3;
    %cmp/u;
    %jmp/1 T_6.0, 6;
    %dup/vec4;
    %pushi/vec4 1, 0, 3;
    %cmp/u;
    %jmp/1 T_6.1, 6;
    %dup/vec4;
    %pushi/vec4 2, 0, 3;
    %cmp/u;
    %jmp/1 T_6.2, 6;
    %dup/vec4;
    %pushi/vec4 3, 0, 3;
    %cmp/u;
    %jmp/1 T_6.3, 6;
    %dup/vec4;
    %pushi/vec4 4, 0, 3;
    %cmp/u;
    %jmp/1 T_6.4, 6;
    %pushi/vec4 0, 0, 3;
    %store/vec4 v0xaaaaea052e60_0, 0, 3;
    %jmp T_6.6;
T_6.0 ;
    %load/vec4 v0xaaaaea052c20_0;
    %flag_set/vec4 8;
    %jmp/0xz  T_6.7, 8;
    %pushi/vec4 1, 0, 3;
    %store/vec4 v0xaaaaea052e60_0, 0, 3;
    %jmp T_6.8;
T_6.7 ;
    %pushi/vec4 3, 0, 3;
    %store/vec4 v0xaaaaea052e60_0, 0, 3;
T_6.8 ;
    %jmp T_6.6;
T_6.1 ;
    %load/vec4 v0xaaaaea052950_0;
    %ix/load 4, 0, 0;
    %flag_set/imm 4, 0;
    %store/vec4a v0xaaaaea052a10, 4, 0;
    %load/vec4 v0xaaaaea052950_0;
    %store/vec4 v0xaaaaea052870_0, 0, 16;
    %ix/load 4, 1, 0;
    %flag_set/imm 4, 0;
    %load/vec4a v0xaaaaea052a10, 4;
    %store/vec4 v0xaaaaea052740_0, 0, 16;
    %pushi/vec4 2, 0, 3;
    %store/vec4 v0xaaaaea052e60_0, 0, 3;
    %jmp T_6.6;
T_6.2 ;
    %load/vec4 v0xaaaaea052950_0;
    %ix/load 4, 1, 0;
    %flag_set/imm 4, 0;
    %store/vec4a v0xaaaaea052a10, 4, 0;
    %load/vec4 v0xaaaaea052950_0;
    %store/vec4 v0xaaaaea052870_0, 0, 16;
    %load/vec4 v0xaaaaea0523a0_0;
    %store/vec4 v0xaaaaea0524b0_0, 0, 16;
    %ix/load 4, 0, 0;
    %flag_set/imm 4, 0;
    %load/vec4a v0xaaaaea052a10, 4;
    %store/vec4 v0xaaaaea052740_0, 0, 16;
    %load/vec4 v0xaaaaea052c20_0;
    %flag_set/vec4 8;
    %jmp/0xz  T_6.9, 8;
    %pushi/vec4 1, 0, 3;
    %store/vec4 v0xaaaaea052e60_0, 0, 3;
    %jmp T_6.10;
T_6.9 ;
    %pushi/vec4 3, 0, 3;
    %store/vec4 v0xaaaaea052e60_0, 0, 3;
T_6.10 ;
    %jmp T_6.6;
T_6.3 ;
    %load/vec4 v0xaaaaea052950_0;
    %ix/load 4, 0, 0;
    %flag_set/imm 4, 0;
    %store/vec4a v0xaaaaea052a10, 4, 0;
    %load/vec4 v0xaaaaea0523a0_0;
    %store/vec4 v0xaaaaea052570_0, 0, 16;
    %load/vec4 v0xaaaaea052cc0_0;
    %store/vec4 v0xaaaaea052740_0, 0, 16;
    %load/vec4 v0xaaaaea0524b0_0;
    %store/vec4 v0xaaaaea052660_0, 0, 16;
    %load/vec4 v0xaaaaea052c20_0;
    %flag_set/vec4 8;
    %jmp/0xz  T_6.11, 8;
    %pushi/vec4 1, 0, 3;
    %store/vec4 v0xaaaaea052e60_0, 0, 3;
    %jmp T_6.12;
T_6.11 ;
    %load/vec4 v0xaaaaea0524b0_0;
    %load/vec4 v0xaaaaea052870_0;
    %mul;
    %store/vec4 v0xaaaaea052d80_0, 0, 16;
    %load/vec4 v0xaaaaea052ab0_0;
    %flag_set/vec4 8;
    %jmp/0xz  T_6.13, 8;
    %load/vec4 v0xaaaaea052d80_0;
    %store/vec4 v0xaaaaea052cc0_0, 0, 16;
    %jmp T_6.14;
T_6.13 ;
    %ix/load 4, 1, 0;
    %flag_set/imm 4, 0;
    %load/vec4a v0xaaaaea052a10, 4;
    %load/vec4 v0xaaaaea052d80_0;
    %add;
    %store/vec4 v0xaaaaea052cc0_0, 0, 16;
T_6.14 ;
    %pushi/vec4 4, 0, 3;
    %store/vec4 v0xaaaaea052e60_0, 0, 3;
T_6.12 ;
    %jmp T_6.6;
T_6.4 ;
    %load/vec4 v0xaaaaea052950_0;
    %ix/load 4, 1, 0;
    %flag_set/imm 4, 0;
    %store/vec4a v0xaaaaea052a10, 4, 0;
    %load/vec4 v0xaaaaea0523a0_0;
    %store/vec4 v0xaaaaea0524b0_0, 0, 16;
    %load/vec4 v0xaaaaea052cc0_0;
    %store/vec4 v0xaaaaea052740_0, 0, 16;
    %load/vec4 v0xaaaaea052570_0;
    %store/vec4 v0xaaaaea052660_0, 0, 16;
    %load/vec4 v0xaaaaea052c20_0;
    %flag_set/vec4 8;
    %jmp/0xz  T_6.15, 8;
    %pushi/vec4 1, 0, 3;
    %store/vec4 v0xaaaaea052e60_0, 0, 3;
    %jmp T_6.16;
T_6.15 ;
    %load/vec4 v0xaaaaea052570_0;
    %load/vec4 v0xaaaaea052870_0;
    %mul;
    %store/vec4 v0xaaaaea052d80_0, 0, 16;
    %load/vec4 v0xaaaaea052ab0_0;
    %flag_set/vec4 8;
    %jmp/0xz  T_6.17, 8;
    %load/vec4 v0xaaaaea052d80_0;
    %store/vec4 v0xaaaaea052cc0_0, 0, 16;
    %jmp T_6.18;
T_6.17 ;
    %ix/load 4, 0, 0;
    %flag_set/imm 4, 0;
    %load/vec4a v0xaaaaea052a10, 4;
    %load/vec4 v0xaaaaea052d80_0;
    %add;
    %store/vec4 v0xaaaaea052cc0_0, 0, 16;
T_6.18 ;
    %pushi/vec4 3, 0, 3;
    %store/vec4 v0xaaaaea052e60_0, 0, 3;
T_6.16 ;
    %jmp T_6.6;
T_6.6 ;
    %pop/vec4 1;
    %jmp T_6;
    .thread T_6, $push;
    .scope S_0xaaaaea051cb0;
T_7 ;
    %wait E_0xaaaaea00a180;
    %load/vec4 v0xaaaaea053020_0;
    %flag_set/vec4 8;
    %jmp/0xz  T_7.0, 8;
    %pushi/vec4 0, 0, 3;
    %store/vec4 v0xaaaaea052f40_0, 0, 3;
    %jmp T_7.1;
T_7.0 ;
    %load/vec4 v0xaaaaea052e60_0;
    %store/vec4 v0xaaaaea052f40_0, 0, 3;
T_7.1 ;
    %jmp T_7;
    .thread T_7;
    .scope S_0xaaaaea02fd20;
T_8 ;
    %pushi/vec4 1, 0, 1;
    %store/vec4 v0xaaaaea054f50_0, 0, 1;
    %pushi/vec4 0, 0, 1;
    %store/vec4 v0xaaaaea054ff0_0, 0, 1;
    %end;
    .thread T_8;
    .scope S_0xaaaaea02fd20;
T_9 ;
    %pushi/vec4 0, 0, 1;
    %store/vec4 v0xaaaaea055090_0, 0, 1;
    %end;
    .thread T_9;
    .scope S_0xaaaaea02fd20;
T_10 ;
    %delay 10, 0;
    %load/vec4 v0xaaaaea055090_0;
    %inv;
    %store/vec4 v0xaaaaea055090_0, 0, 1;
    %jmp T_10;
    .thread T_10;
    .scope S_0xaaaaea02fd20;
T_11 ;
    %pushi/vec4 0, 0, 1;
    %store/vec4 v0xaaaaea0551d0_0, 0, 1;
    %pushi/vec4 0, 0, 1;
    %store/vec4 v0xaaaaea055130_0, 0, 1;
    %delay 5, 0;
    %pushi/vec4 1, 0, 1;
    %store/vec4 v0xaaaaea0551d0_0, 0, 1;
    %delay 10, 0;
    %pushi/vec4 0, 0, 1;
    %store/vec4 v0xaaaaea0551d0_0, 0, 1;
    %delay 10, 0;
    %pushi/vec4 1, 0, 1;
    %store/vec4 v0xaaaaea055130_0, 0, 1;
    %delay 40, 0;
    %pushi/vec4 0, 0, 1;
    %store/vec4 v0xaaaaea055130_0, 0, 1;
    %end;
    .thread T_11;
    .scope S_0xaaaaea02fd20;
T_12 ;
    %delay 30, 0;
    %vpi_func 2 78 "$fopen" 32, "B_TB.txt", "r" {0 0 0};
    %store/vec4 v0xaaaaea0542f0_0, 0, 32;
T_12.0 ;
    %vpi_func 2 80 "$feof" 32, v0xaaaaea0542f0_0 {0 0 0};
    %nor/r;
    %flag_set/vec4 8;
    %jmp/0xz T_12.1, 8;
    %vpi_func 2 82 "$fscanf" 32, v0xaaaaea0542f0_0, "%d %d\012", v0xaaaaea054d30_0, v0xaaaaea054e40_0 {0 0 0};
    %store/vec4 v0xaaaaea054490_0, 0, 32;
    %delay 20, 0;
    %jmp T_12.0;
T_12.1 ;
    %vpi_call 2 86 "$fclose", v0xaaaaea0542f0_0 {0 0 0};
    %end;
    .thread T_12;
    .scope S_0xaaaaea02fd20;
T_13 ;
    %delay 85, 0;
    %vpi_func 2 94 "$fopen" 32, "A_TB.txt", "r" {0 0 0};
    %store/vec4 v0xaaaaea0541f0_0, 0, 32;
T_13.0 ;
    %vpi_func 2 96 "$feof" 32, v0xaaaaea0541f0_0 {0 0 0};
    %nor/r;
    %flag_set/vec4 8;
    %jmp/0xz T_13.1, 8;
    %vpi_func 2 98 "$fscanf" 32, v0xaaaaea0541f0_0, "%d %d\012", v0xaaaaea054630_0, v0xaaaaea0547d0_0 {0 0 0};
    %store/vec4 v0xaaaaea0543d0_0, 0, 32;
    %load/vec4 v0xaaaaea054630_0;
    %store/vec4 v0xaaaaea054570_0, 0, 16;
    %load/vec4 v0xaaaaea0547d0_0;
    %store/vec4 v0xaaaaea054710_0, 0, 16;
    %delay 40, 0;
    %jmp T_13.0;
T_13.1 ;
    %vpi_call 2 105 "$fclose", v0xaaaaea0541f0_0 {0 0 0};
    %end;
    .thread T_13;
    .scope S_0xaaaaea02fd20;
T_14 ;
    %vpi_call 2 111 "$dumpfile", "VCD_FILE.vcd" {0 0 0};
    %vpi_call 2 112 "$dumpvars" {0 0 0};
    %end;
    .thread T_14;
    .scope S_0xaaaaea02fd20;
T_15 ;
    %delay 340, 0;
    %vpi_call 2 118 "$finish" {0 0 0};
    %end;
    .thread T_15;
# The file index is used to find the file name in the following table.
:file_names 5;
    "N/A";
    "<interactive>";
    "systolic_array_tb_2x2.v";
    "systolic_array_2x2.v";
    "pe.v";
