#! /usr/bin/vvp
:ivl_version "11.0 (stable)";
:ivl_delay_selection "TYPICAL";
:vpi_time_precision - 9;
:vpi_module "/usr/lib/x86_64-linux-gnu/ivl/system.vpi";
:vpi_module "/usr/lib/x86_64-linux-gnu/ivl/vhdl_sys.vpi";
:vpi_module "/usr/lib/x86_64-linux-gnu/ivl/vhdl_textio.vpi";
:vpi_module "/usr/lib/x86_64-linux-gnu/ivl/v2005_math.vpi";
:vpi_module "/usr/lib/x86_64-linux-gnu/ivl/va_math.vpi";
S_0x55e12241fcb0 .scope module, "tb_systolic_array_4x4" "tb_systolic_array_4x4" 2 3;
 .timescale -9 -9;
P_0x55e12241e1d0 .param/l "DATA_WIDTH" 0 2 5, +C4<00000000000000000000000000010000>;
P_0x55e12241e210 .param/l "num_of_clk" 0 2 9, +C4<00000000000000000000000000011110>;
P_0x55e12241e250 .param/l "period" 0 2 6, +C4<00000000000000000000000000001010>;
P_0x55e12241e290 .param/l "start_ld" 0 2 7, +C4<00000000000000000000000000001111>;
P_0x55e12241e2d0 .param/l "sys_rst" 0 2 8, +C4<00000000000000000000000000001111>;
v0x55e122415eb0_0 .var/i "A_file", 31 0;
v0x55e12244d2a0_0 .var/i "B_file", 31 0;
v0x55e12244d380_0 .var/i "inFromFile_A", 31 0;
v0x55e12244d470_0 .var/i "inFromFile_B", 31 0;
v0x55e12244d550_0 .var "tb_FDi0", 15 0;
v0x55e12244d6b0_0 .var "tb_FDi12", 15 0;
v0x55e12244d7c0_0 .var "tb_FDi4", 15 0;
v0x55e12244d8d0_0 .var "tb_FDi8", 15 0;
v0x55e12244d9e0_0 .net "tb_FDo0", 15 0, v0x55e122411a90_0;  1 drivers
v0x55e12244daa0_0 .net "tb_FDo12", 15 0, v0x55e12243c6b0_0;  1 drivers
v0x55e12244db60_0 .net "tb_FDo4", 15 0, v0x55e122443e90_0;  1 drivers
v0x55e12244dc20_0 .net "tb_FDo8", 15 0, v0x55e122449170_0;  1 drivers
v0x55e12244dce0_0 .net "tb_GD0", 31 0, v0x55e12243c790_0;  1 drivers
v0x55e12244dda0_0 .net "tb_GD1", 31 0, v0x55e12243dab0_0;  1 drivers
v0x55e12244deb0_0 .net "tb_GD2", 31 0, v0x55e12243ec60_0;  1 drivers
v0x55e12244dfc0_0 .net "tb_GD3", 31 0, v0x55e122440070_0;  1 drivers
v0x55e12244e0d0_0 .var "tb_RD0", 31 0;
v0x55e12244e1e0_0 .var "tb_RD1", 31 0;
v0x55e12244e2f0_0 .var "tb_RD2", 31 0;
v0x55e12244e400_0 .var "tb_RD3", 31 0;
v0x55e12244e510_0 .var "tb_clk", 0 0;
v0x55e12244e5b0_0 .var "tb_result_ld", 0 0;
v0x55e12244e650_0 .var "tb_rst", 0 0;
S_0x55e122406980 .scope module, "sa_4x4_inst" "systolic_array_4x4" 2 23, 3 2 0, S_0x55e12241fcb0;
 .timescale -9 -9;
    .port_info 0 /INPUT 16 "FDi0";
    .port_info 1 /INPUT 16 "FDi4";
    .port_info 2 /INPUT 16 "FDi8";
    .port_info 3 /INPUT 16 "FDi12";
    .port_info 4 /INPUT 32 "RD0";
    .port_info 5 /INPUT 32 "RD1";
    .port_info 6 /INPUT 32 "RD2";
    .port_info 7 /INPUT 32 "RD3";
    .port_info 8 /INPUT 1 "clk";
    .port_info 9 /INPUT 1 "rst";
    .port_info 10 /INPUT 1 "result_ld";
    .port_info 11 /OUTPUT 16 "FDo0";
    .port_info 12 /OUTPUT 16 "FDo4";
    .port_info 13 /OUTPUT 16 "FDo8";
    .port_info 14 /OUTPUT 16 "FDo12";
    .port_info 15 /OUTPUT 32 "sa_GD0";
    .port_info 16 /OUTPUT 32 "sa_GD1";
    .port_info 17 /OUTPUT 32 "sa_GD2";
    .port_info 18 /OUTPUT 32 "sa_GD3";
P_0x55e12241a510 .param/l "DATA_WIDTH" 0 3 8, +C4<00000000000000000000000000010000>;
v0x55e12244b130_0 .net "FDi0", 15 0, v0x55e12244d550_0;  1 drivers
v0x55e12244b210_0 .net "FDi12", 15 0, v0x55e12244d6b0_0;  1 drivers
v0x55e12244b2e0_0 .net "FDi4", 15 0, v0x55e12244d7c0_0;  1 drivers
v0x55e12244b3e0_0 .net "FDi8", 15 0, v0x55e12244d8d0_0;  1 drivers
o0x7f09d66bb228 .functor BUFZ 16, C4<zzzzzzzzzzzzzzzz>; HiZ drive
v0x55e12244b4b0 .array "FDo", 15 0;
v0x55e12244b4b0_0 .net v0x55e12244b4b0 0, 15 0, o0x7f09d66bb228; 0 drivers
v0x55e12244b4b0_1 .net v0x55e12244b4b0 1, 15 0, v0x55e1224392b0_0; 1 drivers
v0x55e12244b4b0_2 .net v0x55e12244b4b0 2, 15 0, v0x55e1224414d0_0; 1 drivers
v0x55e12244b4b0_3 .net v0x55e12244b4b0 3, 15 0, v0x55e122442a40_0; 1 drivers
o0x7f09d66bb258 .functor BUFZ 16, C4<zzzzzzzzzzzzzzzz>; HiZ drive
v0x55e12244b4b0_4 .net v0x55e12244b4b0 4, 15 0, o0x7f09d66bb258; 0 drivers
v0x55e12244b4b0_5 .net v0x55e12244b4b0 5, 15 0, v0x55e122445300_0; 1 drivers
v0x55e12244b4b0_6 .net v0x55e12244b4b0 6, 15 0, v0x55e1224467e0_0; 1 drivers
v0x55e12244b4b0_7 .net v0x55e12244b4b0 7, 15 0, v0x55e122447cb0_0; 1 drivers
o0x7f09d66bb288 .functor BUFZ 16, C4<zzzzzzzzzzzzzzzz>; HiZ drive
v0x55e12244b4b0_8 .net v0x55e12244b4b0 8, 15 0, o0x7f09d66bb288; 0 drivers
v0x55e12244b4b0_9 .net v0x55e12244b4b0 9, 15 0, v0x55e12244a660_0; 1 drivers
v0x55e12244b4b0_10 .net v0x55e12244b4b0 10, 15 0, v0x55e12243a3c0_0; 1 drivers
v0x55e12244b4b0_11 .net v0x55e12244b4b0 11, 15 0, v0x55e12243b520_0; 1 drivers
o0x7f09d66bb2b8 .functor BUFZ 16, C4<zzzzzzzzzzzzzzzz>; HiZ drive
v0x55e12244b4b0_12 .net v0x55e12244b4b0 12, 15 0, o0x7f09d66bb2b8; 0 drivers
v0x55e12244b4b0_13 .net v0x55e12244b4b0 13, 15 0, v0x55e12243d9f0_0; 1 drivers
v0x55e12244b4b0_14 .net v0x55e12244b4b0 14, 15 0, v0x55e12243eba0_0; 1 drivers
v0x55e12244b4b0_15 .net v0x55e12244b4b0 15, 15 0, v0x55e12243ffb0_0; 1 drivers
v0x55e12244b860_0 .net "FDo0", 15 0, v0x55e122411a90_0;  alias, 1 drivers
v0x55e12244b950_0 .net "FDo12", 15 0, v0x55e12243c6b0_0;  alias, 1 drivers
v0x55e12244ba60_0 .net "FDo4", 15 0, v0x55e122443e90_0;  alias, 1 drivers
v0x55e12244bb70_0 .net "FDo8", 15 0, v0x55e122449170_0;  alias, 1 drivers
v0x55e12244bcc0 .array "GD", 15 0;
v0x55e12244bcc0_0 .net v0x55e12244bcc0 0, 31 0, v0x55e12240d670_0; 1 drivers
v0x55e12244bcc0_1 .net v0x55e12244bcc0 1, 31 0, v0x55e122439370_0; 1 drivers
v0x55e12244bcc0_2 .net v0x55e12244bcc0 2, 31 0, v0x55e122441590_0; 1 drivers
v0x55e12244bcc0_3 .net v0x55e12244bcc0 3, 31 0, v0x55e122442b00_0; 1 drivers
v0x55e12244bcc0_4 .net v0x55e12244bcc0 4, 31 0, v0x55e122443f70_0; 1 drivers
v0x55e12244bcc0_5 .net v0x55e12244bcc0 5, 31 0, v0x55e1224453c0_0; 1 drivers
v0x55e12244bcc0_6 .net v0x55e12244bcc0 6, 31 0, v0x55e1224468a0_0; 1 drivers
v0x55e12244bcc0_7 .net v0x55e12244bcc0 7, 31 0, v0x55e122447d70_0; 1 drivers
v0x55e12244bcc0_8 .net v0x55e12244bcc0 8, 31 0, v0x55e122449250_0; 1 drivers
v0x55e12244bcc0_9 .net v0x55e12244bcc0 9, 31 0, v0x55e12244a730_0; 1 drivers
v0x55e12244bcc0_10 .net v0x55e12244bcc0 10, 31 0, v0x55e12243a4a0_0; 1 drivers
v0x55e12244bcc0_11 .net v0x55e12244bcc0 11, 31 0, v0x55e12243b5e0_0; 1 drivers
o0x7f09d66bb2e8 .functor BUFZ 32, C4<zzzzzzzzzzzzzzzzzzzzzzzzzzzzzzzz>; HiZ drive
v0x55e12244bcc0_12 .net v0x55e12244bcc0 12, 31 0, o0x7f09d66bb2e8; 0 drivers
o0x7f09d66bb318 .functor BUFZ 32, C4<zzzzzzzzzzzzzzzzzzzzzzzzzzzzzzzz>; HiZ drive
v0x55e12244bcc0_13 .net v0x55e12244bcc0 13, 31 0, o0x7f09d66bb318; 0 drivers
o0x7f09d66bb348 .functor BUFZ 32, C4<zzzzzzzzzzzzzzzzzzzzzzzzzzzzzzzz>; HiZ drive
v0x55e12244bcc0_14 .net v0x55e12244bcc0 14, 31 0, o0x7f09d66bb348; 0 drivers
o0x7f09d66bb378 .functor BUFZ 32, C4<zzzzzzzzzzzzzzzzzzzzzzzzzzzzzzzz>; HiZ drive
v0x55e12244bcc0_15 .net v0x55e12244bcc0 15, 31 0, o0x7f09d66bb378; 0 drivers
v0x55e12244c250_0 .net "RD0", 31 0, v0x55e12244e0d0_0;  1 drivers
v0x55e12244c310_0 .net "RD1", 31 0, v0x55e12244e1e0_0;  1 drivers
v0x55e12244c3b0_0 .net "RD2", 31 0, v0x55e12244e2f0_0;  1 drivers
v0x55e12244c450_0 .net "RD3", 31 0, v0x55e12244e400_0;  1 drivers
v0x55e12244c4f0_0 .net "clk", 0 0, v0x55e12244e510_0;  1 drivers
v0x55e12244c7a0 .array "result", 15 0;
v0x55e12244c7a0_0 .net v0x55e12244c7a0 0, 31 0, v0x55e122438920_0; 1 drivers
v0x55e12244c7a0_1 .net v0x55e12244c7a0 1, 31 0, v0x55e122439a20_0; 1 drivers
v0x55e12244c7a0_2 .net v0x55e12244c7a0 2, 31 0, v0x55e122441cb0_0; 1 drivers
v0x55e12244c7a0_3 .net v0x55e12244c7a0 3, 31 0, v0x55e122443220_0; 1 drivers
v0x55e12244c7a0_4 .net v0x55e12244c7a0 4, 31 0, v0x55e122444680_0; 1 drivers
v0x55e12244c7a0_5 .net v0x55e12244c7a0 5, 31 0, v0x55e122445ad0_0; 1 drivers
v0x55e12244c7a0_6 .net v0x55e12244c7a0 6, 31 0, v0x55e122446fa0_0; 1 drivers
v0x55e12244c7a0_7 .net v0x55e12244c7a0 7, 31 0, v0x55e122448470_0; 1 drivers
v0x55e12244c7a0_8 .net v0x55e12244c7a0 8, 31 0, v0x55e122449950_0; 1 drivers
v0x55e12244c7a0_9 .net v0x55e12244c7a0 9, 31 0, v0x55e12244ae10_0; 1 drivers
v0x55e12244c7a0_10 .net v0x55e12244c7a0 10, 31 0, v0x55e12243ab70_0; 1 drivers
v0x55e12244c7a0_11 .net v0x55e12244c7a0 11, 31 0, v0x55e12243bd00_0; 1 drivers
v0x55e12244c7a0_12 .net v0x55e12244c7a0 12, 31 0, v0x55e12243ceb0_0; 1 drivers
v0x55e12244c7a0_13 .net v0x55e12244c7a0 13, 31 0, v0x55e12243e180_0; 1 drivers
v0x55e12244c7a0_14 .net v0x55e12244c7a0 14, 31 0, v0x55e12243f370_0; 1 drivers
v0x55e12244c7a0_15 .net v0x55e12244c7a0 15, 31 0, v0x55e122440780_0; 1 drivers
v0x55e12244c8d0_0 .net "result_ld", 0 0, v0x55e12244e5b0_0;  1 drivers
v0x55e12244cb80_0 .net "rst", 0 0, v0x55e12244e650_0;  1 drivers
v0x55e12244ce30_0 .net "sa_GD0", 31 0, v0x55e12243c790_0;  alias, 1 drivers
v0x55e12244ced0_0 .net "sa_GD1", 31 0, v0x55e12243dab0_0;  alias, 1 drivers
v0x55e12244cfa0_0 .net "sa_GD2", 31 0, v0x55e12243ec60_0;  alias, 1 drivers
v0x55e12244d070_0 .net "sa_GD3", 31 0, v0x55e122440070_0;  alias, 1 drivers
S_0x55e1223f2860 .scope module, "P0" "fsm_pe" 3 26, 4 1 0, S_0x55e122406980;
 .timescale 0 0;
    .port_info 0 /INPUT 32 "RD";
    .port_info 1 /INPUT 16 "FDi";
    .port_info 2 /INPUT 1 "clk";
    .port_info 3 /INPUT 1 "rst";
    .port_info 4 /OUTPUT 32 "GD";
    .port_info 5 /OUTPUT 16 "FDo";
    .port_info 6 /OUTPUT 32 "result";
    .port_info 7 /INPUT 1 "result_ld";
P_0x55e122402560 .param/l "DATA_WIDTH" 0 4 2, +C4<00000000000000000000000000010000>;
P_0x55e1224025a0 .param/l "calc_0" 0 4 4, +C4<00000000000000000000000000000001>;
P_0x55e1224025e0 .param/l "calc_1" 0 4 5, +C4<00000000000000000000000000000010>;
P_0x55e122402620 .param/l "drain_0" 0 4 7, +C4<00000000000000000000000000000100>;
P_0x55e122402660 .param/l "drain_1" 0 4 8, +C4<00000000000000000000000000000101>;
P_0x55e1224026a0 .param/l "ld_result" 0 4 6, +C4<00000000000000000000000000000011>;
P_0x55e1224026e0 .param/l "reset" 0 4 3, +C4<00000000000000000000000000000000>;
v0x55e1223f9170_0 .net "FDi", 15 0, v0x55e12244d550_0;  alias, 1 drivers
v0x55e122411a90_0 .var "FDo", 15 0;
v0x55e12240d670_0 .var "GD", 31 0;
v0x55e1223e55a0_0 .net "RD", 31 0, v0x55e12244e0d0_0;  alias, 1 drivers
v0x55e12236f7b0_0 .net *"_ivl_0", 31 0, L_0x55e12244e6f0;  1 drivers
L_0x7f09d666f018 .functor BUFT 1, C4<0000000000000000>, C4<0>, C4<0>, C4<0>;
v0x55e1223de7d0_0 .net *"_ivl_3", 15 0, L_0x7f09d666f018;  1 drivers
v0x55e1224385c0_0 .net "clk", 0 0, v0x55e12244e510_0;  alias, 1 drivers
v0x55e122438680_0 .net "multi", 31 0, L_0x55e12245e810;  1 drivers
v0x55e122438760_0 .var "n_state", 2 0;
v0x55e122438840_0 .var "p_state", 2 0;
v0x55e122438920_0 .var "result", 31 0;
v0x55e122438a00_0 .net "result_ld", 0 0, v0x55e12244e5b0_0;  alias, 1 drivers
v0x55e122438ac0_0 .net "rst", 0 0, v0x55e12244e650_0;  alias, 1 drivers
E_0x55e1223a8de0 .event posedge, v0x55e1224385c0_0;
E_0x55e1223a8030 .event edge, v0x55e122438a00_0, v0x55e122438840_0;
L_0x55e12244e6f0 .concat [ 16 16 0 0], v0x55e12244d550_0, L_0x7f09d666f018;
L_0x55e12245e810 .arith/mult 32, v0x55e12244e0d0_0, L_0x55e12244e6f0;
S_0x55e122438c80 .scope module, "P1" "fsm_pe" 3 28, 4 1 0, S_0x55e122406980;
 .timescale 0 0;
    .port_info 0 /INPUT 32 "RD";
    .port_info 1 /INPUT 16 "FDi";
    .port_info 2 /INPUT 1 "clk";
    .port_info 3 /INPUT 1 "rst";
    .port_info 4 /OUTPUT 32 "GD";
    .port_info 5 /OUTPUT 16 "FDo";
    .port_info 6 /OUTPUT 32 "result";
    .port_info 7 /INPUT 1 "result_ld";
P_0x55e12241b230 .param/l "DATA_WIDTH" 0 4 2, +C4<00000000000000000000000000010000>;
P_0x55e12241b270 .param/l "calc_0" 0 4 4, +C4<00000000000000000000000000000001>;
P_0x55e12241b2b0 .param/l "calc_1" 0 4 5, +C4<00000000000000000000000000000010>;
P_0x55e12241b2f0 .param/l "drain_0" 0 4 7, +C4<00000000000000000000000000000100>;
P_0x55e12241b330 .param/l "drain_1" 0 4 8, +C4<00000000000000000000000000000101>;
P_0x55e12241b370 .param/l "ld_result" 0 4 6, +C4<00000000000000000000000000000011>;
P_0x55e12241b3b0 .param/l "reset" 0 4 3, +C4<00000000000000000000000000000000>;
v0x55e1224391a0_0 .net "FDi", 15 0, v0x55e122411a90_0;  alias, 1 drivers
v0x55e1224392b0_0 .var "FDo", 15 0;
v0x55e122439370_0 .var "GD", 31 0;
v0x55e122439460_0 .net "RD", 31 0, v0x55e12244e1e0_0;  alias, 1 drivers
v0x55e122439540_0 .net *"_ivl_0", 31 0, L_0x55e12245e900;  1 drivers
L_0x7f09d666f060 .functor BUFT 1, C4<0000000000000000>, C4<0>, C4<0>, C4<0>;
v0x55e122439620_0 .net *"_ivl_3", 15 0, L_0x7f09d666f060;  1 drivers
v0x55e122439700_0 .net "clk", 0 0, v0x55e12244e510_0;  alias, 1 drivers
v0x55e1224397a0_0 .net "multi", 31 0, L_0x55e12245e9a0;  1 drivers
v0x55e122439860_0 .var "n_state", 2 0;
v0x55e122439940_0 .var "p_state", 2 0;
v0x55e122439a20_0 .var "result", 31 0;
v0x55e122439b00_0 .net "result_ld", 0 0, v0x55e12244e5b0_0;  alias, 1 drivers
v0x55e122439bd0_0 .net "rst", 0 0, v0x55e12244e650_0;  alias, 1 drivers
E_0x55e1223a7ed0 .event edge, v0x55e122438a00_0, v0x55e122439940_0;
L_0x55e12245e900 .concat [ 16 16 0 0], v0x55e122411a90_0, L_0x7f09d666f060;
L_0x55e12245e9a0 .arith/mult 32, v0x55e12244e1e0_0, L_0x55e12245e900;
S_0x55e122439d60 .scope module, "P10" "fsm_pe" 3 44, 4 1 0, S_0x55e122406980;
 .timescale 0 0;
    .port_info 0 /INPUT 32 "RD";
    .port_info 1 /INPUT 16 "FDi";
    .port_info 2 /INPUT 1 "clk";
    .port_info 3 /INPUT 1 "rst";
    .port_info 4 /OUTPUT 32 "GD";
    .port_info 5 /OUTPUT 16 "FDo";
    .port_info 6 /OUTPUT 32 "result";
    .port_info 7 /INPUT 1 "result_ld";
P_0x55e1223e6850 .param/l "DATA_WIDTH" 0 4 2, +C4<00000000000000000000000000010000>;
P_0x55e1223e6890 .param/l "calc_0" 0 4 4, +C4<00000000000000000000000000000001>;
P_0x55e1223e68d0 .param/l "calc_1" 0 4 5, +C4<00000000000000000000000000000010>;
P_0x55e1223e6910 .param/l "drain_0" 0 4 7, +C4<00000000000000000000000000000100>;
P_0x55e1223e6950 .param/l "drain_1" 0 4 8, +C4<00000000000000000000000000000101>;
P_0x55e1223e6990 .param/l "ld_result" 0 4 6, +C4<00000000000000000000000000000011>;
P_0x55e1223e69d0 .param/l "reset" 0 4 3, +C4<00000000000000000000000000000000>;
v0x55e12243a2c0_0 .net "FDi", 15 0, v0x55e12244a660_0;  alias, 1 drivers
v0x55e12243a3c0_0 .var "FDo", 15 0;
v0x55e12243a4a0_0 .var "GD", 31 0;
v0x55e12243a590_0 .net "RD", 31 0, v0x55e1224468a0_0;  alias, 1 drivers
v0x55e12243a670_0 .net *"_ivl_0", 31 0, L_0x55e12245fc80;  1 drivers
L_0x7f09d666f330 .functor BUFT 1, C4<0000000000000000>, C4<0>, C4<0>, C4<0>;
v0x55e12243a750_0 .net *"_ivl_3", 15 0, L_0x7f09d666f330;  1 drivers
v0x55e12243a830_0 .net "clk", 0 0, v0x55e12244e510_0;  alias, 1 drivers
v0x55e12243a8d0_0 .net "multi", 31 0, L_0x55e12245fd70;  1 drivers
v0x55e12243a9b0_0 .var "n_state", 2 0;
v0x55e12243aa90_0 .var "p_state", 2 0;
v0x55e12243ab70_0 .var "result", 31 0;
v0x55e12243ac50_0 .net "result_ld", 0 0, v0x55e12244e5b0_0;  alias, 1 drivers
v0x55e12243acf0_0 .net "rst", 0 0, v0x55e12244e650_0;  alias, 1 drivers
E_0x55e122391b30 .event edge, v0x55e122438a00_0, v0x55e12243aa90_0;
L_0x55e12245fc80 .concat [ 16 16 0 0], v0x55e12244a660_0, L_0x7f09d666f330;
L_0x55e12245fd70 .arith/mult 32, v0x55e1224468a0_0, L_0x55e12245fc80;
S_0x55e12243af30 .scope module, "P11" "fsm_pe" 3 45, 4 1 0, S_0x55e122406980;
 .timescale 0 0;
    .port_info 0 /INPUT 32 "RD";
    .port_info 1 /INPUT 16 "FDi";
    .port_info 2 /INPUT 1 "clk";
    .port_info 3 /INPUT 1 "rst";
    .port_info 4 /OUTPUT 32 "GD";
    .port_info 5 /OUTPUT 16 "FDo";
    .port_info 6 /OUTPUT 32 "result";
    .port_info 7 /INPUT 1 "result_ld";
P_0x55e1223ea8c0 .param/l "DATA_WIDTH" 0 4 2, +C4<00000000000000000000000000010000>;
P_0x55e1223ea900 .param/l "calc_0" 0 4 4, +C4<00000000000000000000000000000001>;
P_0x55e1223ea940 .param/l "calc_1" 0 4 5, +C4<00000000000000000000000000000010>;
P_0x55e1223ea980 .param/l "drain_0" 0 4 7, +C4<00000000000000000000000000000100>;
P_0x55e1223ea9c0 .param/l "drain_1" 0 4 8, +C4<00000000000000000000000000000101>;
P_0x55e1223eaa00 .param/l "ld_result" 0 4 6, +C4<00000000000000000000000000000011>;
P_0x55e1223eaa40 .param/l "reset" 0 4 3, +C4<00000000000000000000000000000000>;
v0x55e12243b410_0 .net "FDi", 15 0, v0x55e12243a3c0_0;  alias, 1 drivers
v0x55e12243b520_0 .var "FDo", 15 0;
v0x55e12243b5e0_0 .var "GD", 31 0;
v0x55e12243b6d0_0 .net "RD", 31 0, v0x55e122447d70_0;  alias, 1 drivers
v0x55e12243b7b0_0 .net *"_ivl_0", 31 0, L_0x55e12245fe60;  1 drivers
L_0x7f09d666f378 .functor BUFT 1, C4<0000000000000000>, C4<0>, C4<0>, C4<0>;
v0x55e12243b8e0_0 .net *"_ivl_3", 15 0, L_0x7f09d666f378;  1 drivers
v0x55e12243b9c0_0 .net "clk", 0 0, v0x55e12244e510_0;  alias, 1 drivers
v0x55e12243ba60_0 .net "multi", 31 0, L_0x55e12245ff80;  1 drivers
v0x55e12243bb40_0 .var "n_state", 2 0;
v0x55e12243bc20_0 .var "p_state", 2 0;
v0x55e12243bd00_0 .var "result", 31 0;
v0x55e12243bde0_0 .net "result_ld", 0 0, v0x55e12244e5b0_0;  alias, 1 drivers
v0x55e12243be80_0 .net "rst", 0 0, v0x55e12244e650_0;  alias, 1 drivers
E_0x55e122421610 .event edge, v0x55e122438a00_0, v0x55e12243bc20_0;
L_0x55e12245fe60 .concat [ 16 16 0 0], v0x55e12243a3c0_0, L_0x7f09d666f378;
L_0x55e12245ff80 .arith/mult 32, v0x55e122447d70_0, L_0x55e12245fe60;
S_0x55e12243c020 .scope module, "P12" "fsm_pe" 3 35, 4 1 0, S_0x55e122406980;
 .timescale 0 0;
    .port_info 0 /INPUT 32 "RD";
    .port_info 1 /INPUT 16 "FDi";
    .port_info 2 /INPUT 1 "clk";
    .port_info 3 /INPUT 1 "rst";
    .port_info 4 /OUTPUT 32 "GD";
    .port_info 5 /OUTPUT 16 "FDo";
    .port_info 6 /OUTPUT 32 "result";
    .port_info 7 /INPUT 1 "result_ld";
P_0x55e1223ee9c0 .param/l "DATA_WIDTH" 0 4 2, +C4<00000000000000000000000000010000>;
P_0x55e1223eea00 .param/l "calc_0" 0 4 4, +C4<00000000000000000000000000000001>;
P_0x55e1223eea40 .param/l "calc_1" 0 4 5, +C4<00000000000000000000000000000010>;
P_0x55e1223eea80 .param/l "drain_0" 0 4 7, +C4<00000000000000000000000000000100>;
P_0x55e1223eeac0 .param/l "drain_1" 0 4 8, +C4<00000000000000000000000000000101>;
P_0x55e1223eeb00 .param/l "ld_result" 0 4 6, +C4<00000000000000000000000000000011>;
P_0x55e1223eeb40 .param/l "reset" 0 4 3, +C4<00000000000000000000000000000000>;
v0x55e12243c5b0_0 .net "FDi", 15 0, v0x55e12244d6b0_0;  alias, 1 drivers
v0x55e12243c6b0_0 .var "FDo", 15 0;
v0x55e12243c790_0 .var "GD", 31 0;
v0x55e12243c880_0 .net "RD", 31 0, v0x55e122449250_0;  alias, 1 drivers
v0x55e12243c960_0 .net *"_ivl_0", 31 0, L_0x55e12245f260;  1 drivers
L_0x7f09d666f1c8 .functor BUFT 1, C4<0000000000000000>, C4<0>, C4<0>, C4<0>;
v0x55e12243ca90_0 .net *"_ivl_3", 15 0, L_0x7f09d666f1c8;  1 drivers
v0x55e12243cb70_0 .net "clk", 0 0, v0x55e12244e510_0;  alias, 1 drivers
v0x55e12243cc10_0 .net "multi", 31 0, L_0x55e12245f350;  1 drivers
v0x55e12243ccf0_0 .var "n_state", 2 0;
v0x55e12243cdd0_0 .var "p_state", 2 0;
v0x55e12243ceb0_0 .var "result", 31 0;
v0x55e12243cf90_0 .net "result_ld", 0 0, v0x55e12244e5b0_0;  alias, 1 drivers
v0x55e12243d0c0_0 .net "rst", 0 0, v0x55e12244e650_0;  alias, 1 drivers
E_0x55e122421ab0 .event edge, v0x55e122438a00_0, v0x55e12243cdd0_0;
L_0x55e12245f260 .concat [ 16 16 0 0], v0x55e12244d6b0_0, L_0x7f09d666f1c8;
L_0x55e12245f350 .arith/mult 32, v0x55e122449250_0, L_0x55e12245f260;
S_0x55e12243d2f0 .scope module, "P13" "fsm_pe" 3 47, 4 1 0, S_0x55e122406980;
 .timescale 0 0;
    .port_info 0 /INPUT 32 "RD";
    .port_info 1 /INPUT 16 "FDi";
    .port_info 2 /INPUT 1 "clk";
    .port_info 3 /INPUT 1 "rst";
    .port_info 4 /OUTPUT 32 "GD";
    .port_info 5 /OUTPUT 16 "FDo";
    .port_info 6 /OUTPUT 32 "result";
    .port_info 7 /INPUT 1 "result_ld";
P_0x55e1223fa220 .param/l "DATA_WIDTH" 0 4 2, +C4<00000000000000000000000000010000>;
P_0x55e1223fa260 .param/l "calc_0" 0 4 4, +C4<00000000000000000000000000000001>;
P_0x55e1223fa2a0 .param/l "calc_1" 0 4 5, +C4<00000000000000000000000000000010>;
P_0x55e1223fa2e0 .param/l "drain_0" 0 4 7, +C4<00000000000000000000000000000100>;
P_0x55e1223fa320 .param/l "drain_1" 0 4 8, +C4<00000000000000000000000000000101>;
P_0x55e1223fa360 .param/l "ld_result" 0 4 6, +C4<00000000000000000000000000000011>;
P_0x55e1223fa3a0 .param/l "reset" 0 4 3, +C4<00000000000000000000000000000000>;
v0x55e12243d8e0_0 .net "FDi", 15 0, v0x55e12243c6b0_0;  alias, 1 drivers
v0x55e12243d9f0_0 .var "FDo", 15 0;
v0x55e12243dab0_0 .var "GD", 31 0;
v0x55e12243dba0_0 .net "RD", 31 0, v0x55e12244a730_0;  alias, 1 drivers
v0x55e12243dc80_0 .net *"_ivl_0", 31 0, L_0x55e122460070;  1 drivers
L_0x7f09d666f3c0 .functor BUFT 1, C4<0000000000000000>, C4<0>, C4<0>, C4<0>;
v0x55e12243dd60_0 .net *"_ivl_3", 15 0, L_0x7f09d666f3c0;  1 drivers
v0x55e12243de40_0 .net "clk", 0 0, v0x55e12244e510_0;  alias, 1 drivers
v0x55e12243dee0_0 .net "multi", 31 0, L_0x55e1224601d0;  1 drivers
v0x55e12243dfc0_0 .var "n_state", 2 0;
v0x55e12243e0a0_0 .var "p_state", 2 0;
v0x55e12243e180_0 .var "result", 31 0;
v0x55e12243e260_0 .net "result_ld", 0 0, v0x55e12244e5b0_0;  alias, 1 drivers
v0x55e12243e300_0 .net "rst", 0 0, v0x55e12244e650_0;  alias, 1 drivers
E_0x55e12243d860 .event edge, v0x55e122438a00_0, v0x55e12243e0a0_0;
L_0x55e122460070 .concat [ 16 16 0 0], v0x55e12243c6b0_0, L_0x7f09d666f3c0;
L_0x55e1224601d0 .arith/mult 32, v0x55e12244a730_0, L_0x55e122460070;
S_0x55e12243e4a0 .scope module, "P14" "fsm_pe" 3 48, 4 1 0, S_0x55e122406980;
 .timescale 0 0;
    .port_info 0 /INPUT 32 "RD";
    .port_info 1 /INPUT 16 "FDi";
    .port_info 2 /INPUT 1 "clk";
    .port_info 3 /INPUT 1 "rst";
    .port_info 4 /OUTPUT 32 "GD";
    .port_info 5 /OUTPUT 16 "FDo";
    .port_info 6 /OUTPUT 32 "result";
    .port_info 7 /INPUT 1 "result_ld";
P_0x55e1223fe1d0 .param/l "DATA_WIDTH" 0 4 2, +C4<00000000000000000000000000010000>;
P_0x55e1223fe210 .param/l "calc_0" 0 4 4, +C4<00000000000000000000000000000001>;
P_0x55e1223fe250 .param/l "calc_1" 0 4 5, +C4<00000000000000000000000000000010>;
P_0x55e1223fe290 .param/l "drain_0" 0 4 7, +C4<00000000000000000000000000000100>;
P_0x55e1223fe2d0 .param/l "drain_1" 0 4 8, +C4<00000000000000000000000000000101>;
P_0x55e1223fe310 .param/l "ld_result" 0 4 6, +C4<00000000000000000000000000000011>;
P_0x55e1223fe350 .param/l "reset" 0 4 3, +C4<00000000000000000000000000000000>;
v0x55e12243ea90_0 .net "FDi", 15 0, v0x55e12243d9f0_0;  alias, 1 drivers
v0x55e12243eba0_0 .var "FDo", 15 0;
v0x55e12243ec60_0 .var "GD", 31 0;
v0x55e12243ed50_0 .net "RD", 31 0, v0x55e12243a4a0_0;  alias, 1 drivers
v0x55e12243ee40_0 .net *"_ivl_0", 31 0, L_0x55e1224602c0;  1 drivers
L_0x7f09d666f408 .functor BUFT 1, C4<0000000000000000>, C4<0>, C4<0>, C4<0>;
v0x55e12243ef50_0 .net *"_ivl_3", 15 0, L_0x7f09d666f408;  1 drivers
v0x55e12243f030_0 .net "clk", 0 0, v0x55e12244e510_0;  alias, 1 drivers
v0x55e12243f0d0_0 .net "multi", 31 0, L_0x55e1224603e0;  1 drivers
v0x55e12243f1b0_0 .var "n_state", 2 0;
v0x55e12243f290_0 .var "p_state", 2 0;
v0x55e12243f370_0 .var "result", 31 0;
v0x55e12243f450_0 .net "result_ld", 0 0, v0x55e12244e5b0_0;  alias, 1 drivers
v0x55e12243f4f0_0 .net "rst", 0 0, v0x55e12244e650_0;  alias, 1 drivers
E_0x55e12243ea10 .event edge, v0x55e122438a00_0, v0x55e12243f290_0;
L_0x55e1224602c0 .concat [ 16 16 0 0], v0x55e12243d9f0_0, L_0x7f09d666f408;
L_0x55e1224603e0 .arith/mult 32, v0x55e12243a4a0_0, L_0x55e1224602c0;
S_0x55e12243f690 .scope module, "P15" "fsm_pe" 3 49, 4 1 0, S_0x55e122406980;
 .timescale 0 0;
    .port_info 0 /INPUT 32 "RD";
    .port_info 1 /INPUT 16 "FDi";
    .port_info 2 /INPUT 1 "clk";
    .port_info 3 /INPUT 1 "rst";
    .port_info 4 /OUTPUT 32 "GD";
    .port_info 5 /OUTPUT 16 "FDo";
    .port_info 6 /OUTPUT 32 "result";
    .port_info 7 /INPUT 1 "result_ld";
P_0x55e12243f820 .param/l "DATA_WIDTH" 0 4 2, +C4<00000000000000000000000000010000>;
P_0x55e12243f860 .param/l "calc_0" 0 4 4, +C4<00000000000000000000000000000001>;
P_0x55e12243f8a0 .param/l "calc_1" 0 4 5, +C4<00000000000000000000000000000010>;
P_0x55e12243f8e0 .param/l "drain_0" 0 4 7, +C4<00000000000000000000000000000100>;
P_0x55e12243f920 .param/l "drain_1" 0 4 8, +C4<00000000000000000000000000000101>;
P_0x55e12243f960 .param/l "ld_result" 0 4 6, +C4<00000000000000000000000000000011>;
P_0x55e12243f9a0 .param/l "reset" 0 4 3, +C4<00000000000000000000000000000000>;
v0x55e12243fea0_0 .net "FDi", 15 0, v0x55e12243eba0_0;  alias, 1 drivers
v0x55e12243ffb0_0 .var "FDo", 15 0;
v0x55e122440070_0 .var "GD", 31 0;
v0x55e122440160_0 .net "RD", 31 0, v0x55e12243b5e0_0;  alias, 1 drivers
v0x55e122440250_0 .net *"_ivl_0", 31 0, L_0x55e1224604d0;  1 drivers
L_0x7f09d666f450 .functor BUFT 1, C4<0000000000000000>, C4<0>, C4<0>, C4<0>;
v0x55e122440360_0 .net *"_ivl_3", 15 0, L_0x7f09d666f450;  1 drivers
v0x55e122440440_0 .net "clk", 0 0, v0x55e12244e510_0;  alias, 1 drivers
v0x55e1224404e0_0 .net "multi", 31 0, L_0x55e1224605f0;  1 drivers
v0x55e1224405c0_0 .var "n_state", 2 0;
v0x55e1224406a0_0 .var "p_state", 2 0;
v0x55e122440780_0 .var "result", 31 0;
v0x55e122440860_0 .net "result_ld", 0 0, v0x55e12244e5b0_0;  alias, 1 drivers
v0x55e122440900_0 .net "rst", 0 0, v0x55e12244e650_0;  alias, 1 drivers
E_0x55e12243fe20 .event edge, v0x55e122438a00_0, v0x55e1224406a0_0;
L_0x55e1224604d0 .concat [ 16 16 0 0], v0x55e12243eba0_0, L_0x7f09d666f450;
L_0x55e1224605f0 .arith/mult 32, v0x55e12243b5e0_0, L_0x55e1224604d0;
S_0x55e122440aa0 .scope module, "P2" "fsm_pe" 3 29, 4 1 0, S_0x55e122406980;
 .timescale 0 0;
    .port_info 0 /INPUT 32 "RD";
    .port_info 1 /INPUT 16 "FDi";
    .port_info 2 /INPUT 1 "clk";
    .port_info 3 /INPUT 1 "rst";
    .port_info 4 /OUTPUT 32 "GD";
    .port_info 5 /OUTPUT 16 "FDo";
    .port_info 6 /OUTPUT 32 "result";
    .port_info 7 /INPUT 1 "result_ld";
P_0x55e122440cc0 .param/l "DATA_WIDTH" 0 4 2, +C4<00000000000000000000000000010000>;
P_0x55e122440d00 .param/l "calc_0" 0 4 4, +C4<00000000000000000000000000000001>;
P_0x55e122440d40 .param/l "calc_1" 0 4 5, +C4<00000000000000000000000000000010>;
P_0x55e122440d80 .param/l "drain_0" 0 4 7, +C4<00000000000000000000000000000100>;
P_0x55e122440dc0 .param/l "drain_1" 0 4 8, +C4<00000000000000000000000000000101>;
P_0x55e122440e00 .param/l "ld_result" 0 4 6, +C4<00000000000000000000000000000011>;
P_0x55e122440e40 .param/l "reset" 0 4 3, +C4<00000000000000000000000000000000>;
v0x55e1224413c0_0 .net "FDi", 15 0, v0x55e1224392b0_0;  alias, 1 drivers
v0x55e1224414d0_0 .var "FDo", 15 0;
v0x55e122441590_0 .var "GD", 31 0;
v0x55e122441680_0 .net "RD", 31 0, v0x55e12244e2f0_0;  alias, 1 drivers
v0x55e122441760_0 .net *"_ivl_0", 31 0, L_0x55e12245ea90;  1 drivers
L_0x7f09d666f0a8 .functor BUFT 1, C4<0000000000000000>, C4<0>, C4<0>, C4<0>;
v0x55e122441890_0 .net *"_ivl_3", 15 0, L_0x7f09d666f0a8;  1 drivers
v0x55e122441970_0 .net "clk", 0 0, v0x55e12244e510_0;  alias, 1 drivers
v0x55e122441a10_0 .net "multi", 31 0, L_0x55e12245eb80;  1 drivers
v0x55e122441af0_0 .var "n_state", 2 0;
v0x55e122441bd0_0 .var "p_state", 2 0;
v0x55e122441cb0_0 .var "result", 31 0;
v0x55e122441d90_0 .net "result_ld", 0 0, v0x55e12244e5b0_0;  alias, 1 drivers
v0x55e122441e30_0 .net "rst", 0 0, v0x55e12244e650_0;  alias, 1 drivers
E_0x55e122441340 .event edge, v0x55e122438a00_0, v0x55e122441bd0_0;
L_0x55e12245ea90 .concat [ 16 16 0 0], v0x55e1224392b0_0, L_0x7f09d666f0a8;
L_0x55e12245eb80 .arith/mult 32, v0x55e12244e2f0_0, L_0x55e12245ea90;
S_0x55e1224420e0 .scope module, "P3" "fsm_pe" 3 30, 4 1 0, S_0x55e122406980;
 .timescale 0 0;
    .port_info 0 /INPUT 32 "RD";
    .port_info 1 /INPUT 16 "FDi";
    .port_info 2 /INPUT 1 "clk";
    .port_info 3 /INPUT 1 "rst";
    .port_info 4 /OUTPUT 32 "GD";
    .port_info 5 /OUTPUT 16 "FDo";
    .port_info 6 /OUTPUT 32 "result";
    .port_info 7 /INPUT 1 "result_ld";
P_0x55e122442270 .param/l "DATA_WIDTH" 0 4 2, +C4<00000000000000000000000000010000>;
P_0x55e1224422b0 .param/l "calc_0" 0 4 4, +C4<00000000000000000000000000000001>;
P_0x55e1224422f0 .param/l "calc_1" 0 4 5, +C4<00000000000000000000000000000010>;
P_0x55e122442330 .param/l "drain_0" 0 4 7, +C4<00000000000000000000000000000100>;
P_0x55e122442370 .param/l "drain_1" 0 4 8, +C4<00000000000000000000000000000101>;
P_0x55e1224423b0 .param/l "ld_result" 0 4 6, +C4<00000000000000000000000000000011>;
P_0x55e1224423f0 .param/l "reset" 0 4 3, +C4<00000000000000000000000000000000>;
v0x55e122442930_0 .net "FDi", 15 0, v0x55e1224414d0_0;  alias, 1 drivers
v0x55e122442a40_0 .var "FDo", 15 0;
v0x55e122442b00_0 .var "GD", 31 0;
v0x55e122442bf0_0 .net "RD", 31 0, v0x55e12244e400_0;  alias, 1 drivers
v0x55e122442cd0_0 .net *"_ivl_0", 31 0, L_0x55e12245ec70;  1 drivers
L_0x7f09d666f0f0 .functor BUFT 1, C4<0000000000000000>, C4<0>, C4<0>, C4<0>;
v0x55e122442e00_0 .net *"_ivl_3", 15 0, L_0x7f09d666f0f0;  1 drivers
v0x55e122442ee0_0 .net "clk", 0 0, v0x55e12244e510_0;  alias, 1 drivers
v0x55e122442f80_0 .net "multi", 31 0, L_0x55e12245ed60;  1 drivers
v0x55e122443060_0 .var "n_state", 2 0;
v0x55e122443140_0 .var "p_state", 2 0;
v0x55e122443220_0 .var "result", 31 0;
v0x55e122443300_0 .net "result_ld", 0 0, v0x55e12244e5b0_0;  alias, 1 drivers
v0x55e1224433a0_0 .net "rst", 0 0, v0x55e12244e650_0;  alias, 1 drivers
E_0x55e1224428b0 .event edge, v0x55e122438a00_0, v0x55e122443140_0;
L_0x55e12245ec70 .concat [ 16 16 0 0], v0x55e1224414d0_0, L_0x7f09d666f0f0;
L_0x55e12245ed60 .arith/mult 32, v0x55e12244e400_0, L_0x55e12245ec70;
S_0x55e122443540 .scope module, "P4" "fsm_pe" 3 33, 4 1 0, S_0x55e122406980;
 .timescale 0 0;
    .port_info 0 /INPUT 32 "RD";
    .port_info 1 /INPUT 16 "FDi";
    .port_info 2 /INPUT 1 "clk";
    .port_info 3 /INPUT 1 "rst";
    .port_info 4 /OUTPUT 32 "GD";
    .port_info 5 /OUTPUT 16 "FDo";
    .port_info 6 /OUTPUT 32 "result";
    .port_info 7 /INPUT 1 "result_ld";
P_0x55e1224436d0 .param/l "DATA_WIDTH" 0 4 2, +C4<00000000000000000000000000010000>;
P_0x55e122443710 .param/l "calc_0" 0 4 4, +C4<00000000000000000000000000000001>;
P_0x55e122443750 .param/l "calc_1" 0 4 5, +C4<00000000000000000000000000000010>;
P_0x55e122443790 .param/l "drain_0" 0 4 7, +C4<00000000000000000000000000000100>;
P_0x55e1224437d0 .param/l "drain_1" 0 4 8, +C4<00000000000000000000000000000101>;
P_0x55e122443810 .param/l "ld_result" 0 4 6, +C4<00000000000000000000000000000011>;
P_0x55e122443850 .param/l "reset" 0 4 3, +C4<00000000000000000000000000000000>;
v0x55e122443d90_0 .net "FDi", 15 0, v0x55e12244d7c0_0;  alias, 1 drivers
v0x55e122443e90_0 .var "FDo", 15 0;
v0x55e122443f70_0 .var "GD", 31 0;
v0x55e122444060_0 .net "RD", 31 0, v0x55e12240d670_0;  alias, 1 drivers
v0x55e122444150_0 .net *"_ivl_0", 31 0, L_0x55e12245ee50;  1 drivers
L_0x7f09d666f138 .functor BUFT 1, C4<0000000000000000>, C4<0>, C4<0>, C4<0>;
v0x55e122444260_0 .net *"_ivl_3", 15 0, L_0x7f09d666f138;  1 drivers
v0x55e122444340_0 .net "clk", 0 0, v0x55e12244e510_0;  alias, 1 drivers
v0x55e1224443e0_0 .net "multi", 31 0, L_0x55e12245ef90;  1 drivers
v0x55e1224444c0_0 .var "n_state", 2 0;
v0x55e1224445a0_0 .var "p_state", 2 0;
v0x55e122444680_0 .var "result", 31 0;
v0x55e122444760_0 .net "result_ld", 0 0, v0x55e12244e5b0_0;  alias, 1 drivers
v0x55e122444800_0 .net "rst", 0 0, v0x55e12244e650_0;  alias, 1 drivers
E_0x55e122443d10 .event edge, v0x55e122438a00_0, v0x55e1224445a0_0;
L_0x55e12245ee50 .concat [ 16 16 0 0], v0x55e12244d7c0_0, L_0x7f09d666f138;
L_0x55e12245ef90 .arith/mult 32, v0x55e12240d670_0, L_0x55e12245ee50;
S_0x55e1224449a0 .scope module, "P5" "fsm_pe" 3 39, 4 1 0, S_0x55e122406980;
 .timescale 0 0;
    .port_info 0 /INPUT 32 "RD";
    .port_info 1 /INPUT 16 "FDi";
    .port_info 2 /INPUT 1 "clk";
    .port_info 3 /INPUT 1 "rst";
    .port_info 4 /OUTPUT 32 "GD";
    .port_info 5 /OUTPUT 16 "FDo";
    .port_info 6 /OUTPUT 32 "result";
    .port_info 7 /INPUT 1 "result_ld";
P_0x55e122444b30 .param/l "DATA_WIDTH" 0 4 2, +C4<00000000000000000000000000010000>;
P_0x55e122444b70 .param/l "calc_0" 0 4 4, +C4<00000000000000000000000000000001>;
P_0x55e122444bb0 .param/l "calc_1" 0 4 5, +C4<00000000000000000000000000000010>;
P_0x55e122444bf0 .param/l "drain_0" 0 4 7, +C4<00000000000000000000000000000100>;
P_0x55e122444c30 .param/l "drain_1" 0 4 8, +C4<00000000000000000000000000000101>;
P_0x55e122444c70 .param/l "ld_result" 0 4 6, +C4<00000000000000000000000000000011>;
P_0x55e122444cb0 .param/l "reset" 0 4 3, +C4<00000000000000000000000000000000>;
v0x55e1224451f0_0 .net "FDi", 15 0, v0x55e122443e90_0;  alias, 1 drivers
v0x55e122445300_0 .var "FDo", 15 0;
v0x55e1224453c0_0 .var "GD", 31 0;
v0x55e1224454b0_0 .net "RD", 31 0, v0x55e122439370_0;  alias, 1 drivers
v0x55e1224455a0_0 .net *"_ivl_0", 31 0, L_0x55e12245f440;  1 drivers
L_0x7f09d666f210 .functor BUFT 1, C4<0000000000000000>, C4<0>, C4<0>, C4<0>;
v0x55e1224456b0_0 .net *"_ivl_3", 15 0, L_0x7f09d666f210;  1 drivers
v0x55e122445790_0 .net "clk", 0 0, v0x55e12244e510_0;  alias, 1 drivers
v0x55e122445830_0 .net "multi", 31 0, L_0x55e12245f570;  1 drivers
v0x55e122445910_0 .var "n_state", 2 0;
v0x55e1224459f0_0 .var "p_state", 2 0;
v0x55e122445ad0_0 .var "result", 31 0;
v0x55e122445bb0_0 .net "result_ld", 0 0, v0x55e12244e5b0_0;  alias, 1 drivers
v0x55e122445c50_0 .net "rst", 0 0, v0x55e12244e650_0;  alias, 1 drivers
E_0x55e122445170 .event edge, v0x55e122438a00_0, v0x55e1224459f0_0;
L_0x55e12245f440 .concat [ 16 16 0 0], v0x55e122443e90_0, L_0x7f09d666f210;
L_0x55e12245f570 .arith/mult 32, v0x55e122439370_0, L_0x55e12245f440;
S_0x55e122445df0 .scope module, "P6" "fsm_pe" 3 40, 4 1 0, S_0x55e122406980;
 .timescale 0 0;
    .port_info 0 /INPUT 32 "RD";
    .port_info 1 /INPUT 16 "FDi";
    .port_info 2 /INPUT 1 "clk";
    .port_info 3 /INPUT 1 "rst";
    .port_info 4 /OUTPUT 32 "GD";
    .port_info 5 /OUTPUT 16 "FDo";
    .port_info 6 /OUTPUT 32 "result";
    .port_info 7 /INPUT 1 "result_ld";
P_0x55e122445f80 .param/l "DATA_WIDTH" 0 4 2, +C4<00000000000000000000000000010000>;
P_0x55e122445fc0 .param/l "calc_0" 0 4 4, +C4<00000000000000000000000000000001>;
P_0x55e122446000 .param/l "calc_1" 0 4 5, +C4<00000000000000000000000000000010>;
P_0x55e122446040 .param/l "drain_0" 0 4 7, +C4<00000000000000000000000000000100>;
P_0x55e122446080 .param/l "drain_1" 0 4 8, +C4<00000000000000000000000000000101>;
P_0x55e1224460c0 .param/l "ld_result" 0 4 6, +C4<00000000000000000000000000000011>;
P_0x55e122446100 .param/l "reset" 0 4 3, +C4<00000000000000000000000000000000>;
v0x55e1224466d0_0 .net "FDi", 15 0, v0x55e122445300_0;  alias, 1 drivers
v0x55e1224467e0_0 .var "FDo", 15 0;
v0x55e1224468a0_0 .var "GD", 31 0;
v0x55e1224469a0_0 .net "RD", 31 0, v0x55e122441590_0;  alias, 1 drivers
v0x55e122446a70_0 .net *"_ivl_0", 31 0, L_0x55e12245f660;  1 drivers
L_0x7f09d666f258 .functor BUFT 1, C4<0000000000000000>, C4<0>, C4<0>, C4<0>;
v0x55e122446b80_0 .net *"_ivl_3", 15 0, L_0x7f09d666f258;  1 drivers
v0x55e122446c60_0 .net "clk", 0 0, v0x55e12244e510_0;  alias, 1 drivers
v0x55e122446d00_0 .net "multi", 31 0, L_0x55e12245f7e0;  1 drivers
v0x55e122446de0_0 .var "n_state", 2 0;
v0x55e122446ec0_0 .var "p_state", 2 0;
v0x55e122446fa0_0 .var "result", 31 0;
v0x55e122447080_0 .net "result_ld", 0 0, v0x55e12244e5b0_0;  alias, 1 drivers
v0x55e122447120_0 .net "rst", 0 0, v0x55e12244e650_0;  alias, 1 drivers
E_0x55e122446650 .event edge, v0x55e122438a00_0, v0x55e122446ec0_0;
L_0x55e12245f660 .concat [ 16 16 0 0], v0x55e122445300_0, L_0x7f09d666f258;
L_0x55e12245f7e0 .arith/mult 32, v0x55e122441590_0, L_0x55e12245f660;
S_0x55e1224472c0 .scope module, "P7" "fsm_pe" 3 41, 4 1 0, S_0x55e122406980;
 .timescale 0 0;
    .port_info 0 /INPUT 32 "RD";
    .port_info 1 /INPUT 16 "FDi";
    .port_info 2 /INPUT 1 "clk";
    .port_info 3 /INPUT 1 "rst";
    .port_info 4 /OUTPUT 32 "GD";
    .port_info 5 /OUTPUT 16 "FDo";
    .port_info 6 /OUTPUT 32 "result";
    .port_info 7 /INPUT 1 "result_ld";
P_0x55e122447450 .param/l "DATA_WIDTH" 0 4 2, +C4<00000000000000000000000000010000>;
P_0x55e122447490 .param/l "calc_0" 0 4 4, +C4<00000000000000000000000000000001>;
P_0x55e1224474d0 .param/l "calc_1" 0 4 5, +C4<00000000000000000000000000000010>;
P_0x55e122447510 .param/l "drain_0" 0 4 7, +C4<00000000000000000000000000000100>;
P_0x55e122447550 .param/l "drain_1" 0 4 8, +C4<00000000000000000000000000000101>;
P_0x55e122447590 .param/l "ld_result" 0 4 6, +C4<00000000000000000000000000000011>;
P_0x55e1224475d0 .param/l "reset" 0 4 3, +C4<00000000000000000000000000000000>;
v0x55e122447ba0_0 .net "FDi", 15 0, v0x55e1224467e0_0;  alias, 1 drivers
v0x55e122447cb0_0 .var "FDo", 15 0;
v0x55e122447d70_0 .var "GD", 31 0;
v0x55e122447e70_0 .net "RD", 31 0, v0x55e122442b00_0;  alias, 1 drivers
v0x55e122447f40_0 .net *"_ivl_0", 31 0, L_0x55e12245f880;  1 drivers
L_0x7f09d666f2a0 .functor BUFT 1, C4<0000000000000000>, C4<0>, C4<0>, C4<0>;
v0x55e122448050_0 .net *"_ivl_3", 15 0, L_0x7f09d666f2a0;  1 drivers
v0x55e122448130_0 .net "clk", 0 0, v0x55e12244e510_0;  alias, 1 drivers
v0x55e1224481d0_0 .net "multi", 31 0, L_0x55e12245f970;  1 drivers
v0x55e1224482b0_0 .var "n_state", 2 0;
v0x55e122448390_0 .var "p_state", 2 0;
v0x55e122448470_0 .var "result", 31 0;
v0x55e122448550_0 .net "result_ld", 0 0, v0x55e12244e5b0_0;  alias, 1 drivers
v0x55e1224485f0_0 .net "rst", 0 0, v0x55e12244e650_0;  alias, 1 drivers
E_0x55e122447b20 .event edge, v0x55e122438a00_0, v0x55e122448390_0;
L_0x55e12245f880 .concat [ 16 16 0 0], v0x55e1224467e0_0, L_0x7f09d666f2a0;
L_0x55e12245f970 .arith/mult 32, v0x55e122442b00_0, L_0x55e12245f880;
S_0x55e122448790 .scope module, "P8" "fsm_pe" 3 34, 4 1 0, S_0x55e122406980;
 .timescale 0 0;
    .port_info 0 /INPUT 32 "RD";
    .port_info 1 /INPUT 16 "FDi";
    .port_info 2 /INPUT 1 "clk";
    .port_info 3 /INPUT 1 "rst";
    .port_info 4 /OUTPUT 32 "GD";
    .port_info 5 /OUTPUT 16 "FDo";
    .port_info 6 /OUTPUT 32 "result";
    .port_info 7 /INPUT 1 "result_ld";
P_0x55e122448920 .param/l "DATA_WIDTH" 0 4 2, +C4<00000000000000000000000000010000>;
P_0x55e122448960 .param/l "calc_0" 0 4 4, +C4<00000000000000000000000000000001>;
P_0x55e1224489a0 .param/l "calc_1" 0 4 5, +C4<00000000000000000000000000000010>;
P_0x55e1224489e0 .param/l "drain_0" 0 4 7, +C4<00000000000000000000000000000100>;
P_0x55e122448a20 .param/l "drain_1" 0 4 8, +C4<00000000000000000000000000000101>;
P_0x55e122448a60 .param/l "ld_result" 0 4 6, +C4<00000000000000000000000000000011>;
P_0x55e122448aa0 .param/l "reset" 0 4 3, +C4<00000000000000000000000000000000>;
v0x55e122449070_0 .net "FDi", 15 0, v0x55e12244d8d0_0;  alias, 1 drivers
v0x55e122449170_0 .var "FDo", 15 0;
v0x55e122449250_0 .var "GD", 31 0;
v0x55e122449350_0 .net "RD", 31 0, v0x55e122443f70_0;  alias, 1 drivers
v0x55e122449420_0 .net *"_ivl_0", 31 0, L_0x55e12245f080;  1 drivers
L_0x7f09d666f180 .functor BUFT 1, C4<0000000000000000>, C4<0>, C4<0>, C4<0>;
v0x55e122449530_0 .net *"_ivl_3", 15 0, L_0x7f09d666f180;  1 drivers
v0x55e122449610_0 .net "clk", 0 0, v0x55e12244e510_0;  alias, 1 drivers
v0x55e1224496b0_0 .net "multi", 31 0, L_0x55e12245f170;  1 drivers
v0x55e122449790_0 .var "n_state", 2 0;
v0x55e122449870_0 .var "p_state", 2 0;
v0x55e122449950_0 .var "result", 31 0;
v0x55e122449a30_0 .net "result_ld", 0 0, v0x55e12244e5b0_0;  alias, 1 drivers
v0x55e122449ad0_0 .net "rst", 0 0, v0x55e12244e650_0;  alias, 1 drivers
E_0x55e122448ff0 .event edge, v0x55e122438a00_0, v0x55e122449870_0;
L_0x55e12245f080 .concat [ 16 16 0 0], v0x55e12244d8d0_0, L_0x7f09d666f180;
L_0x55e12245f170 .arith/mult 32, v0x55e122443f70_0, L_0x55e12245f080;
S_0x55e122449c70 .scope module, "P9" "fsm_pe" 3 43, 4 1 0, S_0x55e122406980;
 .timescale 0 0;
    .port_info 0 /INPUT 32 "RD";
    .port_info 1 /INPUT 16 "FDi";
    .port_info 2 /INPUT 1 "clk";
    .port_info 3 /INPUT 1 "rst";
    .port_info 4 /OUTPUT 32 "GD";
    .port_info 5 /OUTPUT 16 "FDo";
    .port_info 6 /OUTPUT 32 "result";
    .port_info 7 /INPUT 1 "result_ld";
P_0x55e122449e00 .param/l "DATA_WIDTH" 0 4 2, +C4<00000000000000000000000000010000>;
P_0x55e122449e40 .param/l "calc_0" 0 4 4, +C4<00000000000000000000000000000001>;
P_0x55e122449e80 .param/l "calc_1" 0 4 5, +C4<00000000000000000000000000000010>;
P_0x55e122449ec0 .param/l "drain_0" 0 4 7, +C4<00000000000000000000000000000100>;
P_0x55e122449f00 .param/l "drain_1" 0 4 8, +C4<00000000000000000000000000000101>;
P_0x55e122449f40 .param/l "ld_result" 0 4 6, +C4<00000000000000000000000000000011>;
P_0x55e122449f80 .param/l "reset" 0 4 3, +C4<00000000000000000000000000000000>;
v0x55e12244a550_0 .net "FDi", 15 0, v0x55e122449170_0;  alias, 1 drivers
v0x55e12244a660_0 .var "FDo", 15 0;
v0x55e12244a730_0 .var "GD", 31 0;
v0x55e12244a830_0 .net "RD", 31 0, v0x55e1224453c0_0;  alias, 1 drivers
v0x55e12244a900_0 .net *"_ivl_0", 31 0, L_0x55e12245fa60;  1 drivers
L_0x7f09d666f2e8 .functor BUFT 1, C4<0000000000000000>, C4<0>, C4<0>, C4<0>;
v0x55e12244a9f0_0 .net *"_ivl_3", 15 0, L_0x7f09d666f2e8;  1 drivers
v0x55e12244aad0_0 .net "clk", 0 0, v0x55e12244e510_0;  alias, 1 drivers
v0x55e12244ab70_0 .net "multi", 31 0, L_0x55e12245fb90;  1 drivers
v0x55e12244ac50_0 .var "n_state", 2 0;
v0x55e12244ad30_0 .var "p_state", 2 0;
v0x55e12244ae10_0 .var "result", 31 0;
v0x55e12244aef0_0 .net "result_ld", 0 0, v0x55e12244e5b0_0;  alias, 1 drivers
v0x55e12244af90_0 .net "rst", 0 0, v0x55e12244e650_0;  alias, 1 drivers
E_0x55e12244a4d0 .event edge, v0x55e122438a00_0, v0x55e12244ad30_0;
L_0x55e12245fa60 .concat [ 16 16 0 0], v0x55e122449170_0, L_0x7f09d666f2e8;
L_0x55e12245fb90 .arith/mult 32, v0x55e1224453c0_0, L_0x55e12245fa60;
    .scope S_0x55e1223f2860;
T_0 ;
    %wait E_0x55e1223a8030;
    %load/vec4 v0x55e122438840_0;
    %dup/vec4;
    %pushi/vec4 0, 0, 3;
    %cmp/u;
    %jmp/1 T_0.0, 6;
    %dup/vec4;
    %pushi/vec4 1, 0, 3;
    %cmp/u;
    %jmp/1 T_0.1, 6;
    %dup/vec4;
    %pushi/vec4 2, 0, 3;
    %cmp/u;
    %jmp/1 T_0.2, 6;
    %dup/vec4;
    %pushi/vec4 3, 0, 3;
    %cmp/u;
    %jmp/1 T_0.3, 6;
    %dup/vec4;
    %pushi/vec4 4, 0, 3;
    %cmp/u;
    %jmp/1 T_0.4, 6;
    %dup/vec4;
    %pushi/vec4 5, 0, 3;
    %cmp/u;
    %jmp/1 T_0.5, 6;
    %pushi/vec4 0, 0, 3;
    %store/vec4 v0x55e122438760_0, 0, 3;
    %jmp T_0.7;
T_0.0 ;
    %pushi/vec4 0, 0, 32;
    %assign/vec4 v0x55e122438920_0, 0;
    %pushi/vec4 0, 0, 16;
    %assign/vec4 v0x55e122411a90_0, 0;
    %pushi/vec4 0, 0, 32;
    %assign/vec4 v0x55e12240d670_0, 0;
    %pushi/vec4 1, 0, 3;
    %store/vec4 v0x55e122438760_0, 0, 3;
    %jmp T_0.7;
T_0.1 ;
    %load/vec4 v0x55e122438920_0;
    %load/vec4 v0x55e122438680_0;
    %add;
    %assign/vec4 v0x55e122438920_0, 0;
    %load/vec4 v0x55e1223f9170_0;
    %assign/vec4 v0x55e122411a90_0, 0;
    %load/vec4 v0x55e1223e55a0_0;
    %assign/vec4 v0x55e12240d670_0, 0;
    %load/vec4 v0x55e122438a00_0;
    %flag_set/vec4 8;
    %jmp/0xz  T_0.8, 8;
    %pushi/vec4 3, 0, 3;
    %store/vec4 v0x55e122438760_0, 0, 3;
    %jmp T_0.9;
T_0.8 ;
    %pushi/vec4 2, 0, 3;
    %store/vec4 v0x55e122438760_0, 0, 3;
T_0.9 ;
    %jmp T_0.7;
T_0.2 ;
    %load/vec4 v0x55e122438920_0;
    %load/vec4 v0x55e122438680_0;
    %add;
    %assign/vec4 v0x55e122438920_0, 0;
    %load/vec4 v0x55e1223f9170_0;
    %assign/vec4 v0x55e122411a90_0, 0;
    %load/vec4 v0x55e1223e55a0_0;
    %assign/vec4 v0x55e12240d670_0, 0;
    %load/vec4 v0x55e122438a00_0;
    %flag_set/vec4 8;
    %jmp/0xz  T_0.10, 8;
    %pushi/vec4 3, 0, 3;
    %store/vec4 v0x55e122438760_0, 0, 3;
    %jmp T_0.11;
T_0.10 ;
    %pushi/vec4 1, 0, 3;
    %store/vec4 v0x55e122438760_0, 0, 3;
T_0.11 ;
    %jmp T_0.7;
T_0.3 ;
    %load/vec4 v0x55e122438920_0;
    %assign/vec4 v0x55e12240d670_0, 0;
    %pushi/vec4 4, 0, 3;
    %store/vec4 v0x55e122438760_0, 0, 3;
    %jmp T_0.7;
T_0.4 ;
    %load/vec4 v0x55e1223e55a0_0;
    %assign/vec4 v0x55e12240d670_0, 0;
    %pushi/vec4 5, 0, 3;
    %store/vec4 v0x55e122438760_0, 0, 3;
    %jmp T_0.7;
T_0.5 ;
    %load/vec4 v0x55e1223e55a0_0;
    %assign/vec4 v0x55e12240d670_0, 0;
    %pushi/vec4 4, 0, 3;
    %store/vec4 v0x55e122438760_0, 0, 3;
    %jmp T_0.7;
T_0.7 ;
    %pop/vec4 1;
    %jmp T_0;
    .thread T_0, $push;
    .scope S_0x55e1223f2860;
T_1 ;
    %wait E_0x55e1223a8de0;
    %load/vec4 v0x55e122438ac0_0;
    %flag_set/vec4 8;
    %jmp/0xz  T_1.0, 8;
    %pushi/vec4 0, 0, 3;
    %store/vec4 v0x55e122438840_0, 0, 3;
    %jmp T_1.1;
T_1.0 ;
    %load/vec4 v0x55e122438760_0;
    %store/vec4 v0x55e122438840_0, 0, 3;
T_1.1 ;
    %jmp T_1;
    .thread T_1;
    .scope S_0x55e122438c80;
T_2 ;
    %wait E_0x55e1223a7ed0;
    %load/vec4 v0x55e122439940_0;
    %dup/vec4;
    %pushi/vec4 0, 0, 3;
    %cmp/u;
    %jmp/1 T_2.0, 6;
    %dup/vec4;
    %pushi/vec4 1, 0, 3;
    %cmp/u;
    %jmp/1 T_2.1, 6;
    %dup/vec4;
    %pushi/vec4 2, 0, 3;
    %cmp/u;
    %jmp/1 T_2.2, 6;
    %dup/vec4;
    %pushi/vec4 3, 0, 3;
    %cmp/u;
    %jmp/1 T_2.3, 6;
    %dup/vec4;
    %pushi/vec4 4, 0, 3;
    %cmp/u;
    %jmp/1 T_2.4, 6;
    %dup/vec4;
    %pushi/vec4 5, 0, 3;
    %cmp/u;
    %jmp/1 T_2.5, 6;
    %pushi/vec4 0, 0, 3;
    %store/vec4 v0x55e122439860_0, 0, 3;
    %jmp T_2.7;
T_2.0 ;
    %pushi/vec4 0, 0, 32;
    %assign/vec4 v0x55e122439a20_0, 0;
    %pushi/vec4 0, 0, 16;
    %assign/vec4 v0x55e1224392b0_0, 0;
    %pushi/vec4 0, 0, 32;
    %assign/vec4 v0x55e122439370_0, 0;
    %pushi/vec4 1, 0, 3;
    %store/vec4 v0x55e122439860_0, 0, 3;
    %jmp T_2.7;
T_2.1 ;
    %load/vec4 v0x55e122439a20_0;
    %load/vec4 v0x55e1224397a0_0;
    %add;
    %assign/vec4 v0x55e122439a20_0, 0;
    %load/vec4 v0x55e1224391a0_0;
    %assign/vec4 v0x55e1224392b0_0, 0;
    %load/vec4 v0x55e122439460_0;
    %assign/vec4 v0x55e122439370_0, 0;
    %load/vec4 v0x55e122439b00_0;
    %flag_set/vec4 8;
    %jmp/0xz  T_2.8, 8;
    %pushi/vec4 3, 0, 3;
    %store/vec4 v0x55e122439860_0, 0, 3;
    %jmp T_2.9;
T_2.8 ;
    %pushi/vec4 2, 0, 3;
    %store/vec4 v0x55e122439860_0, 0, 3;
T_2.9 ;
    %jmp T_2.7;
T_2.2 ;
    %load/vec4 v0x55e122439a20_0;
    %load/vec4 v0x55e1224397a0_0;
    %add;
    %assign/vec4 v0x55e122439a20_0, 0;
    %load/vec4 v0x55e1224391a0_0;
    %assign/vec4 v0x55e1224392b0_0, 0;
    %load/vec4 v0x55e122439460_0;
    %assign/vec4 v0x55e122439370_0, 0;
    %load/vec4 v0x55e122439b00_0;
    %flag_set/vec4 8;
    %jmp/0xz  T_2.10, 8;
    %pushi/vec4 3, 0, 3;
    %store/vec4 v0x55e122439860_0, 0, 3;
    %jmp T_2.11;
T_2.10 ;
    %pushi/vec4 1, 0, 3;
    %store/vec4 v0x55e122439860_0, 0, 3;
T_2.11 ;
    %jmp T_2.7;
T_2.3 ;
    %load/vec4 v0x55e122439a20_0;
    %assign/vec4 v0x55e122439370_0, 0;
    %pushi/vec4 4, 0, 3;
    %store/vec4 v0x55e122439860_0, 0, 3;
    %jmp T_2.7;
T_2.4 ;
    %load/vec4 v0x55e122439460_0;
    %assign/vec4 v0x55e122439370_0, 0;
    %pushi/vec4 5, 0, 3;
    %store/vec4 v0x55e122439860_0, 0, 3;
    %jmp T_2.7;
T_2.5 ;
    %load/vec4 v0x55e122439460_0;
    %assign/vec4 v0x55e122439370_0, 0;
    %pushi/vec4 4, 0, 3;
    %store/vec4 v0x55e122439860_0, 0, 3;
    %jmp T_2.7;
T_2.7 ;
    %pop/vec4 1;
    %jmp T_2;
    .thread T_2, $push;
    .scope S_0x55e122438c80;
T_3 ;
    %wait E_0x55e1223a8de0;
    %load/vec4 v0x55e122439bd0_0;
    %flag_set/vec4 8;
    %jmp/0xz  T_3.0, 8;
    %pushi/vec4 0, 0, 3;
    %store/vec4 v0x55e122439940_0, 0, 3;
    %jmp T_3.1;
T_3.0 ;
    %load/vec4 v0x55e122439860_0;
    %store/vec4 v0x55e122439940_0, 0, 3;
T_3.1 ;
    %jmp T_3;
    .thread T_3;
    .scope S_0x55e122440aa0;
T_4 ;
    %wait E_0x55e122441340;
    %load/vec4 v0x55e122441bd0_0;
    %dup/vec4;
    %pushi/vec4 0, 0, 3;
    %cmp/u;
    %jmp/1 T_4.0, 6;
    %dup/vec4;
    %pushi/vec4 1, 0, 3;
    %cmp/u;
    %jmp/1 T_4.1, 6;
    %dup/vec4;
    %pushi/vec4 2, 0, 3;
    %cmp/u;
    %jmp/1 T_4.2, 6;
    %dup/vec4;
    %pushi/vec4 3, 0, 3;
    %cmp/u;
    %jmp/1 T_4.3, 6;
    %dup/vec4;
    %pushi/vec4 4, 0, 3;
    %cmp/u;
    %jmp/1 T_4.4, 6;
    %dup/vec4;
    %pushi/vec4 5, 0, 3;
    %cmp/u;
    %jmp/1 T_4.5, 6;
    %pushi/vec4 0, 0, 3;
    %store/vec4 v0x55e122441af0_0, 0, 3;
    %jmp T_4.7;
T_4.0 ;
    %pushi/vec4 0, 0, 32;
    %assign/vec4 v0x55e122441cb0_0, 0;
    %pushi/vec4 0, 0, 16;
    %assign/vec4 v0x55e1224414d0_0, 0;
    %pushi/vec4 0, 0, 32;
    %assign/vec4 v0x55e122441590_0, 0;
    %pushi/vec4 1, 0, 3;
    %store/vec4 v0x55e122441af0_0, 0, 3;
    %jmp T_4.7;
T_4.1 ;
    %load/vec4 v0x55e122441cb0_0;
    %load/vec4 v0x55e122441a10_0;
    %add;
    %assign/vec4 v0x55e122441cb0_0, 0;
    %load/vec4 v0x55e1224413c0_0;
    %assign/vec4 v0x55e1224414d0_0, 0;
    %load/vec4 v0x55e122441680_0;
    %assign/vec4 v0x55e122441590_0, 0;
    %load/vec4 v0x55e122441d90_0;
    %flag_set/vec4 8;
    %jmp/0xz  T_4.8, 8;
    %pushi/vec4 3, 0, 3;
    %store/vec4 v0x55e122441af0_0, 0, 3;
    %jmp T_4.9;
T_4.8 ;
    %pushi/vec4 2, 0, 3;
    %store/vec4 v0x55e122441af0_0, 0, 3;
T_4.9 ;
    %jmp T_4.7;
T_4.2 ;
    %load/vec4 v0x55e122441cb0_0;
    %load/vec4 v0x55e122441a10_0;
    %add;
    %assign/vec4 v0x55e122441cb0_0, 0;
    %load/vec4 v0x55e1224413c0_0;
    %assign/vec4 v0x55e1224414d0_0, 0;
    %load/vec4 v0x55e122441680_0;
    %assign/vec4 v0x55e122441590_0, 0;
    %load/vec4 v0x55e122441d90_0;
    %flag_set/vec4 8;
    %jmp/0xz  T_4.10, 8;
    %pushi/vec4 3, 0, 3;
    %store/vec4 v0x55e122441af0_0, 0, 3;
    %jmp T_4.11;
T_4.10 ;
    %pushi/vec4 1, 0, 3;
    %store/vec4 v0x55e122441af0_0, 0, 3;
T_4.11 ;
    %jmp T_4.7;
T_4.3 ;
    %load/vec4 v0x55e122441cb0_0;
    %assign/vec4 v0x55e122441590_0, 0;
    %pushi/vec4 4, 0, 3;
    %store/vec4 v0x55e122441af0_0, 0, 3;
    %jmp T_4.7;
T_4.4 ;
    %load/vec4 v0x55e122441680_0;
    %assign/vec4 v0x55e122441590_0, 0;
    %pushi/vec4 5, 0, 3;
    %store/vec4 v0x55e122441af0_0, 0, 3;
    %jmp T_4.7;
T_4.5 ;
    %load/vec4 v0x55e122441680_0;
    %assign/vec4 v0x55e122441590_0, 0;
    %pushi/vec4 4, 0, 3;
    %store/vec4 v0x55e122441af0_0, 0, 3;
    %jmp T_4.7;
T_4.7 ;
    %pop/vec4 1;
    %jmp T_4;
    .thread T_4, $push;
    .scope S_0x55e122440aa0;
T_5 ;
    %wait E_0x55e1223a8de0;
    %load/vec4 v0x55e122441e30_0;
    %flag_set/vec4 8;
    %jmp/0xz  T_5.0, 8;
    %pushi/vec4 0, 0, 3;
    %store/vec4 v0x55e122441bd0_0, 0, 3;
    %jmp T_5.1;
T_5.0 ;
    %load/vec4 v0x55e122441af0_0;
    %store/vec4 v0x55e122441bd0_0, 0, 3;
T_5.1 ;
    %jmp T_5;
    .thread T_5;
    .scope S_0x55e1224420e0;
T_6 ;
    %wait E_0x55e1224428b0;
    %load/vec4 v0x55e122443140_0;
    %dup/vec4;
    %pushi/vec4 0, 0, 3;
    %cmp/u;
    %jmp/1 T_6.0, 6;
    %dup/vec4;
    %pushi/vec4 1, 0, 3;
    %cmp/u;
    %jmp/1 T_6.1, 6;
    %dup/vec4;
    %pushi/vec4 2, 0, 3;
    %cmp/u;
    %jmp/1 T_6.2, 6;
    %dup/vec4;
    %pushi/vec4 3, 0, 3;
    %cmp/u;
    %jmp/1 T_6.3, 6;
    %dup/vec4;
    %pushi/vec4 4, 0, 3;
    %cmp/u;
    %jmp/1 T_6.4, 6;
    %dup/vec4;
    %pushi/vec4 5, 0, 3;
    %cmp/u;
    %jmp/1 T_6.5, 6;
    %pushi/vec4 0, 0, 3;
    %store/vec4 v0x55e122443060_0, 0, 3;
    %jmp T_6.7;
T_6.0 ;
    %pushi/vec4 0, 0, 32;
    %assign/vec4 v0x55e122443220_0, 0;
    %pushi/vec4 0, 0, 16;
    %assign/vec4 v0x55e122442a40_0, 0;
    %pushi/vec4 0, 0, 32;
    %assign/vec4 v0x55e122442b00_0, 0;
    %pushi/vec4 1, 0, 3;
    %store/vec4 v0x55e122443060_0, 0, 3;
    %jmp T_6.7;
T_6.1 ;
    %load/vec4 v0x55e122443220_0;
    %load/vec4 v0x55e122442f80_0;
    %add;
    %assign/vec4 v0x55e122443220_0, 0;
    %load/vec4 v0x55e122442930_0;
    %assign/vec4 v0x55e122442a40_0, 0;
    %load/vec4 v0x55e122442bf0_0;
    %assign/vec4 v0x55e122442b00_0, 0;
    %load/vec4 v0x55e122443300_0;
    %flag_set/vec4 8;
    %jmp/0xz  T_6.8, 8;
    %pushi/vec4 3, 0, 3;
    %store/vec4 v0x55e122443060_0, 0, 3;
    %jmp T_6.9;
T_6.8 ;
    %pushi/vec4 2, 0, 3;
    %store/vec4 v0x55e122443060_0, 0, 3;
T_6.9 ;
    %jmp T_6.7;
T_6.2 ;
    %load/vec4 v0x55e122443220_0;
    %load/vec4 v0x55e122442f80_0;
    %add;
    %assign/vec4 v0x55e122443220_0, 0;
    %load/vec4 v0x55e122442930_0;
    %assign/vec4 v0x55e122442a40_0, 0;
    %load/vec4 v0x55e122442bf0_0;
    %assign/vec4 v0x55e122442b00_0, 0;
    %load/vec4 v0x55e122443300_0;
    %flag_set/vec4 8;
    %jmp/0xz  T_6.10, 8;
    %pushi/vec4 3, 0, 3;
    %store/vec4 v0x55e122443060_0, 0, 3;
    %jmp T_6.11;
T_6.10 ;
    %pushi/vec4 1, 0, 3;
    %store/vec4 v0x55e122443060_0, 0, 3;
T_6.11 ;
    %jmp T_6.7;
T_6.3 ;
    %load/vec4 v0x55e122443220_0;
    %assign/vec4 v0x55e122442b00_0, 0;
    %pushi/vec4 4, 0, 3;
    %store/vec4 v0x55e122443060_0, 0, 3;
    %jmp T_6.7;
T_6.4 ;
    %load/vec4 v0x55e122442bf0_0;
    %assign/vec4 v0x55e122442b00_0, 0;
    %pushi/vec4 5, 0, 3;
    %store/vec4 v0x55e122443060_0, 0, 3;
    %jmp T_6.7;
T_6.5 ;
    %load/vec4 v0x55e122442bf0_0;
    %assign/vec4 v0x55e122442b00_0, 0;
    %pushi/vec4 4, 0, 3;
    %store/vec4 v0x55e122443060_0, 0, 3;
    %jmp T_6.7;
T_6.7 ;
    %pop/vec4 1;
    %jmp T_6;
    .thread T_6, $push;
    .scope S_0x55e1224420e0;
T_7 ;
    %wait E_0x55e1223a8de0;
    %load/vec4 v0x55e1224433a0_0;
    %flag_set/vec4 8;
    %jmp/0xz  T_7.0, 8;
    %pushi/vec4 0, 0, 3;
    %store/vec4 v0x55e122443140_0, 0, 3;
    %jmp T_7.1;
T_7.0 ;
    %load/vec4 v0x55e122443060_0;
    %store/vec4 v0x55e122443140_0, 0, 3;
T_7.1 ;
    %jmp T_7;
    .thread T_7;
    .scope S_0x55e122443540;
T_8 ;
    %wait E_0x55e122443d10;
    %load/vec4 v0x55e1224445a0_0;
    %dup/vec4;
    %pushi/vec4 0, 0, 3;
    %cmp/u;
    %jmp/1 T_8.0, 6;
    %dup/vec4;
    %pushi/vec4 1, 0, 3;
    %cmp/u;
    %jmp/1 T_8.1, 6;
    %dup/vec4;
    %pushi/vec4 2, 0, 3;
    %cmp/u;
    %jmp/1 T_8.2, 6;
    %dup/vec4;
    %pushi/vec4 3, 0, 3;
    %cmp/u;
    %jmp/1 T_8.3, 6;
    %dup/vec4;
    %pushi/vec4 4, 0, 3;
    %cmp/u;
    %jmp/1 T_8.4, 6;
    %dup/vec4;
    %pushi/vec4 5, 0, 3;
    %cmp/u;
    %jmp/1 T_8.5, 6;
    %pushi/vec4 0, 0, 3;
    %store/vec4 v0x55e1224444c0_0, 0, 3;
    %jmp T_8.7;
T_8.0 ;
    %pushi/vec4 0, 0, 32;
    %assign/vec4 v0x55e122444680_0, 0;
    %pushi/vec4 0, 0, 16;
    %assign/vec4 v0x55e122443e90_0, 0;
    %pushi/vec4 0, 0, 32;
    %assign/vec4 v0x55e122443f70_0, 0;
    %pushi/vec4 1, 0, 3;
    %store/vec4 v0x55e1224444c0_0, 0, 3;
    %jmp T_8.7;
T_8.1 ;
    %load/vec4 v0x55e122444680_0;
    %load/vec4 v0x55e1224443e0_0;
    %add;
    %assign/vec4 v0x55e122444680_0, 0;
    %load/vec4 v0x55e122443d90_0;
    %assign/vec4 v0x55e122443e90_0, 0;
    %load/vec4 v0x55e122444060_0;
    %assign/vec4 v0x55e122443f70_0, 0;
    %load/vec4 v0x55e122444760_0;
    %flag_set/vec4 8;
    %jmp/0xz  T_8.8, 8;
    %pushi/vec4 3, 0, 3;
    %store/vec4 v0x55e1224444c0_0, 0, 3;
    %jmp T_8.9;
T_8.8 ;
    %pushi/vec4 2, 0, 3;
    %store/vec4 v0x55e1224444c0_0, 0, 3;
T_8.9 ;
    %jmp T_8.7;
T_8.2 ;
    %load/vec4 v0x55e122444680_0;
    %load/vec4 v0x55e1224443e0_0;
    %add;
    %assign/vec4 v0x55e122444680_0, 0;
    %load/vec4 v0x55e122443d90_0;
    %assign/vec4 v0x55e122443e90_0, 0;
    %load/vec4 v0x55e122444060_0;
    %assign/vec4 v0x55e122443f70_0, 0;
    %load/vec4 v0x55e122444760_0;
    %flag_set/vec4 8;
    %jmp/0xz  T_8.10, 8;
    %pushi/vec4 3, 0, 3;
    %store/vec4 v0x55e1224444c0_0, 0, 3;
    %jmp T_8.11;
T_8.10 ;
    %pushi/vec4 1, 0, 3;
    %store/vec4 v0x55e1224444c0_0, 0, 3;
T_8.11 ;
    %jmp T_8.7;
T_8.3 ;
    %load/vec4 v0x55e122444680_0;
    %assign/vec4 v0x55e122443f70_0, 0;
    %pushi/vec4 4, 0, 3;
    %store/vec4 v0x55e1224444c0_0, 0, 3;
    %jmp T_8.7;
T_8.4 ;
    %load/vec4 v0x55e122444060_0;
    %assign/vec4 v0x55e122443f70_0, 0;
    %pushi/vec4 5, 0, 3;
    %store/vec4 v0x55e1224444c0_0, 0, 3;
    %jmp T_8.7;
T_8.5 ;
    %load/vec4 v0x55e122444060_0;
    %assign/vec4 v0x55e122443f70_0, 0;
    %pushi/vec4 4, 0, 3;
    %store/vec4 v0x55e1224444c0_0, 0, 3;
    %jmp T_8.7;
T_8.7 ;
    %pop/vec4 1;
    %jmp T_8;
    .thread T_8, $push;
    .scope S_0x55e122443540;
T_9 ;
    %wait E_0x55e1223a8de0;
    %load/vec4 v0x55e122444800_0;
    %flag_set/vec4 8;
    %jmp/0xz  T_9.0, 8;
    %pushi/vec4 0, 0, 3;
    %store/vec4 v0x55e1224445a0_0, 0, 3;
    %jmp T_9.1;
T_9.0 ;
    %load/vec4 v0x55e1224444c0_0;
    %store/vec4 v0x55e1224445a0_0, 0, 3;
T_9.1 ;
    %jmp T_9;
    .thread T_9;
    .scope S_0x55e122448790;
T_10 ;
    %wait E_0x55e122448ff0;
    %load/vec4 v0x55e122449870_0;
    %dup/vec4;
    %pushi/vec4 0, 0, 3;
    %cmp/u;
    %jmp/1 T_10.0, 6;
    %dup/vec4;
    %pushi/vec4 1, 0, 3;
    %cmp/u;
    %jmp/1 T_10.1, 6;
    %dup/vec4;
    %pushi/vec4 2, 0, 3;
    %cmp/u;
    %jmp/1 T_10.2, 6;
    %dup/vec4;
    %pushi/vec4 3, 0, 3;
    %cmp/u;
    %jmp/1 T_10.3, 6;
    %dup/vec4;
    %pushi/vec4 4, 0, 3;
    %cmp/u;
    %jmp/1 T_10.4, 6;
    %dup/vec4;
    %pushi/vec4 5, 0, 3;
    %cmp/u;
    %jmp/1 T_10.5, 6;
    %pushi/vec4 0, 0, 3;
    %store/vec4 v0x55e122449790_0, 0, 3;
    %jmp T_10.7;
T_10.0 ;
    %pushi/vec4 0, 0, 32;
    %assign/vec4 v0x55e122449950_0, 0;
    %pushi/vec4 0, 0, 16;
    %assign/vec4 v0x55e122449170_0, 0;
    %pushi/vec4 0, 0, 32;
    %assign/vec4 v0x55e122449250_0, 0;
    %pushi/vec4 1, 0, 3;
    %store/vec4 v0x55e122449790_0, 0, 3;
    %jmp T_10.7;
T_10.1 ;
    %load/vec4 v0x55e122449950_0;
    %load/vec4 v0x55e1224496b0_0;
    %add;
    %assign/vec4 v0x55e122449950_0, 0;
    %load/vec4 v0x55e122449070_0;
    %assign/vec4 v0x55e122449170_0, 0;
    %load/vec4 v0x55e122449350_0;
    %assign/vec4 v0x55e122449250_0, 0;
    %load/vec4 v0x55e122449a30_0;
    %flag_set/vec4 8;
    %jmp/0xz  T_10.8, 8;
    %pushi/vec4 3, 0, 3;
    %store/vec4 v0x55e122449790_0, 0, 3;
    %jmp T_10.9;
T_10.8 ;
    %pushi/vec4 2, 0, 3;
    %store/vec4 v0x55e122449790_0, 0, 3;
T_10.9 ;
    %jmp T_10.7;
T_10.2 ;
    %load/vec4 v0x55e122449950_0;
    %load/vec4 v0x55e1224496b0_0;
    %add;
    %assign/vec4 v0x55e122449950_0, 0;
    %load/vec4 v0x55e122449070_0;
    %assign/vec4 v0x55e122449170_0, 0;
    %load/vec4 v0x55e122449350_0;
    %assign/vec4 v0x55e122449250_0, 0;
    %load/vec4 v0x55e122449a30_0;
    %flag_set/vec4 8;
    %jmp/0xz  T_10.10, 8;
    %pushi/vec4 3, 0, 3;
    %store/vec4 v0x55e122449790_0, 0, 3;
    %jmp T_10.11;
T_10.10 ;
    %pushi/vec4 1, 0, 3;
    %store/vec4 v0x55e122449790_0, 0, 3;
T_10.11 ;
    %jmp T_10.7;
T_10.3 ;
    %load/vec4 v0x55e122449950_0;
    %assign/vec4 v0x55e122449250_0, 0;
    %pushi/vec4 4, 0, 3;
    %store/vec4 v0x55e122449790_0, 0, 3;
    %jmp T_10.7;
T_10.4 ;
    %load/vec4 v0x55e122449350_0;
    %assign/vec4 v0x55e122449250_0, 0;
    %pushi/vec4 5, 0, 3;
    %store/vec4 v0x55e122449790_0, 0, 3;
    %jmp T_10.7;
T_10.5 ;
    %load/vec4 v0x55e122449350_0;
    %assign/vec4 v0x55e122449250_0, 0;
    %pushi/vec4 4, 0, 3;
    %store/vec4 v0x55e122449790_0, 0, 3;
    %jmp T_10.7;
T_10.7 ;
    %pop/vec4 1;
    %jmp T_10;
    .thread T_10, $push;
    .scope S_0x55e122448790;
T_11 ;
    %wait E_0x55e1223a8de0;
    %load/vec4 v0x55e122449ad0_0;
    %flag_set/vec4 8;
    %jmp/0xz  T_11.0, 8;
    %pushi/vec4 0, 0, 3;
    %store/vec4 v0x55e122449870_0, 0, 3;
    %jmp T_11.1;
T_11.0 ;
    %load/vec4 v0x55e122449790_0;
    %store/vec4 v0x55e122449870_0, 0, 3;
T_11.1 ;
    %jmp T_11;
    .thread T_11;
    .scope S_0x55e12243c020;
T_12 ;
    %wait E_0x55e122421ab0;
    %load/vec4 v0x55e12243cdd0_0;
    %dup/vec4;
    %pushi/vec4 0, 0, 3;
    %cmp/u;
    %jmp/1 T_12.0, 6;
    %dup/vec4;
    %pushi/vec4 1, 0, 3;
    %cmp/u;
    %jmp/1 T_12.1, 6;
    %dup/vec4;
    %pushi/vec4 2, 0, 3;
    %cmp/u;
    %jmp/1 T_12.2, 6;
    %dup/vec4;
    %pushi/vec4 3, 0, 3;
    %cmp/u;
    %jmp/1 T_12.3, 6;
    %dup/vec4;
    %pushi/vec4 4, 0, 3;
    %cmp/u;
    %jmp/1 T_12.4, 6;
    %dup/vec4;
    %pushi/vec4 5, 0, 3;
    %cmp/u;
    %jmp/1 T_12.5, 6;
    %pushi/vec4 0, 0, 3;
    %store/vec4 v0x55e12243ccf0_0, 0, 3;
    %jmp T_12.7;
T_12.0 ;
    %pushi/vec4 0, 0, 32;
    %assign/vec4 v0x55e12243ceb0_0, 0;
    %pushi/vec4 0, 0, 16;
    %assign/vec4 v0x55e12243c6b0_0, 0;
    %pushi/vec4 0, 0, 32;
    %assign/vec4 v0x55e12243c790_0, 0;
    %pushi/vec4 1, 0, 3;
    %store/vec4 v0x55e12243ccf0_0, 0, 3;
    %jmp T_12.7;
T_12.1 ;
    %load/vec4 v0x55e12243ceb0_0;
    %load/vec4 v0x55e12243cc10_0;
    %add;
    %assign/vec4 v0x55e12243ceb0_0, 0;
    %load/vec4 v0x55e12243c5b0_0;
    %assign/vec4 v0x55e12243c6b0_0, 0;
    %load/vec4 v0x55e12243c880_0;
    %assign/vec4 v0x55e12243c790_0, 0;
    %load/vec4 v0x55e12243cf90_0;
    %flag_set/vec4 8;
    %jmp/0xz  T_12.8, 8;
    %pushi/vec4 3, 0, 3;
    %store/vec4 v0x55e12243ccf0_0, 0, 3;
    %jmp T_12.9;
T_12.8 ;
    %pushi/vec4 2, 0, 3;
    %store/vec4 v0x55e12243ccf0_0, 0, 3;
T_12.9 ;
    %jmp T_12.7;
T_12.2 ;
    %load/vec4 v0x55e12243ceb0_0;
    %load/vec4 v0x55e12243cc10_0;
    %add;
    %assign/vec4 v0x55e12243ceb0_0, 0;
    %load/vec4 v0x55e12243c5b0_0;
    %assign/vec4 v0x55e12243c6b0_0, 0;
    %load/vec4 v0x55e12243c880_0;
    %assign/vec4 v0x55e12243c790_0, 0;
    %load/vec4 v0x55e12243cf90_0;
    %flag_set/vec4 8;
    %jmp/0xz  T_12.10, 8;
    %pushi/vec4 3, 0, 3;
    %store/vec4 v0x55e12243ccf0_0, 0, 3;
    %jmp T_12.11;
T_12.10 ;
    %pushi/vec4 1, 0, 3;
    %store/vec4 v0x55e12243ccf0_0, 0, 3;
T_12.11 ;
    %jmp T_12.7;
T_12.3 ;
    %load/vec4 v0x55e12243ceb0_0;
    %assign/vec4 v0x55e12243c790_0, 0;
    %pushi/vec4 4, 0, 3;
    %store/vec4 v0x55e12243ccf0_0, 0, 3;
    %jmp T_12.7;
T_12.4 ;
    %load/vec4 v0x55e12243c880_0;
    %assign/vec4 v0x55e12243c790_0, 0;
    %pushi/vec4 5, 0, 3;
    %store/vec4 v0x55e12243ccf0_0, 0, 3;
    %jmp T_12.7;
T_12.5 ;
    %load/vec4 v0x55e12243c880_0;
    %assign/vec4 v0x55e12243c790_0, 0;
    %pushi/vec4 4, 0, 3;
    %store/vec4 v0x55e12243ccf0_0, 0, 3;
    %jmp T_12.7;
T_12.7 ;
    %pop/vec4 1;
    %jmp T_12;
    .thread T_12, $push;
    .scope S_0x55e12243c020;
T_13 ;
    %wait E_0x55e1223a8de0;
    %load/vec4 v0x55e12243d0c0_0;
    %flag_set/vec4 8;
    %jmp/0xz  T_13.0, 8;
    %pushi/vec4 0, 0, 3;
    %store/vec4 v0x55e12243cdd0_0, 0, 3;
    %jmp T_13.1;
T_13.0 ;
    %load/vec4 v0x55e12243ccf0_0;
    %store/vec4 v0x55e12243cdd0_0, 0, 3;
T_13.1 ;
    %jmp T_13;
    .thread T_13;
    .scope S_0x55e1224449a0;
T_14 ;
    %wait E_0x55e122445170;
    %load/vec4 v0x55e1224459f0_0;
    %dup/vec4;
    %pushi/vec4 0, 0, 3;
    %cmp/u;
    %jmp/1 T_14.0, 6;
    %dup/vec4;
    %pushi/vec4 1, 0, 3;
    %cmp/u;
    %jmp/1 T_14.1, 6;
    %dup/vec4;
    %pushi/vec4 2, 0, 3;
    %cmp/u;
    %jmp/1 T_14.2, 6;
    %dup/vec4;
    %pushi/vec4 3, 0, 3;
    %cmp/u;
    %jmp/1 T_14.3, 6;
    %dup/vec4;
    %pushi/vec4 4, 0, 3;
    %cmp/u;
    %jmp/1 T_14.4, 6;
    %dup/vec4;
    %pushi/vec4 5, 0, 3;
    %cmp/u;
    %jmp/1 T_14.5, 6;
    %pushi/vec4 0, 0, 3;
    %store/vec4 v0x55e122445910_0, 0, 3;
    %jmp T_14.7;
T_14.0 ;
    %pushi/vec4 0, 0, 32;
    %assign/vec4 v0x55e122445ad0_0, 0;
    %pushi/vec4 0, 0, 16;
    %assign/vec4 v0x55e122445300_0, 0;
    %pushi/vec4 0, 0, 32;
    %assign/vec4 v0x55e1224453c0_0, 0;
    %pushi/vec4 1, 0, 3;
    %store/vec4 v0x55e122445910_0, 0, 3;
    %jmp T_14.7;
T_14.1 ;
    %load/vec4 v0x55e122445ad0_0;
    %load/vec4 v0x55e122445830_0;
    %add;
    %assign/vec4 v0x55e122445ad0_0, 0;
    %load/vec4 v0x55e1224451f0_0;
    %assign/vec4 v0x55e122445300_0, 0;
    %load/vec4 v0x55e1224454b0_0;
    %assign/vec4 v0x55e1224453c0_0, 0;
    %load/vec4 v0x55e122445bb0_0;
    %flag_set/vec4 8;
    %jmp/0xz  T_14.8, 8;
    %pushi/vec4 3, 0, 3;
    %store/vec4 v0x55e122445910_0, 0, 3;
    %jmp T_14.9;
T_14.8 ;
    %pushi/vec4 2, 0, 3;
    %store/vec4 v0x55e122445910_0, 0, 3;
T_14.9 ;
    %jmp T_14.7;
T_14.2 ;
    %load/vec4 v0x55e122445ad0_0;
    %load/vec4 v0x55e122445830_0;
    %add;
    %assign/vec4 v0x55e122445ad0_0, 0;
    %load/vec4 v0x55e1224451f0_0;
    %assign/vec4 v0x55e122445300_0, 0;
    %load/vec4 v0x55e1224454b0_0;
    %assign/vec4 v0x55e1224453c0_0, 0;
    %load/vec4 v0x55e122445bb0_0;
    %flag_set/vec4 8;
    %jmp/0xz  T_14.10, 8;
    %pushi/vec4 3, 0, 3;
    %store/vec4 v0x55e122445910_0, 0, 3;
    %jmp T_14.11;
T_14.10 ;
    %pushi/vec4 1, 0, 3;
    %store/vec4 v0x55e122445910_0, 0, 3;
T_14.11 ;
    %jmp T_14.7;
T_14.3 ;
    %load/vec4 v0x55e122445ad0_0;
    %assign/vec4 v0x55e1224453c0_0, 0;
    %pushi/vec4 4, 0, 3;
    %store/vec4 v0x55e122445910_0, 0, 3;
    %jmp T_14.7;
T_14.4 ;
    %load/vec4 v0x55e1224454b0_0;
    %assign/vec4 v0x55e1224453c0_0, 0;
    %pushi/vec4 5, 0, 3;
    %store/vec4 v0x55e122445910_0, 0, 3;
    %jmp T_14.7;
T_14.5 ;
    %load/vec4 v0x55e1224454b0_0;
    %assign/vec4 v0x55e1224453c0_0, 0;
    %pushi/vec4 4, 0, 3;
    %store/vec4 v0x55e122445910_0, 0, 3;
    %jmp T_14.7;
T_14.7 ;
    %pop/vec4 1;
    %jmp T_14;
    .thread T_14, $push;
    .scope S_0x55e1224449a0;
T_15 ;
    %wait E_0x55e1223a8de0;
    %load/vec4 v0x55e122445c50_0;
    %flag_set/vec4 8;
    %jmp/0xz  T_15.0, 8;
    %pushi/vec4 0, 0, 3;
    %store/vec4 v0x55e1224459f0_0, 0, 3;
    %jmp T_15.1;
T_15.0 ;
    %load/vec4 v0x55e122445910_0;
    %store/vec4 v0x55e1224459f0_0, 0, 3;
T_15.1 ;
    %jmp T_15;
    .thread T_15;
    .scope S_0x55e122445df0;
T_16 ;
    %wait E_0x55e122446650;
    %load/vec4 v0x55e122446ec0_0;
    %dup/vec4;
    %pushi/vec4 0, 0, 3;
    %cmp/u;
    %jmp/1 T_16.0, 6;
    %dup/vec4;
    %pushi/vec4 1, 0, 3;
    %cmp/u;
    %jmp/1 T_16.1, 6;
    %dup/vec4;
    %pushi/vec4 2, 0, 3;
    %cmp/u;
    %jmp/1 T_16.2, 6;
    %dup/vec4;
    %pushi/vec4 3, 0, 3;
    %cmp/u;
    %jmp/1 T_16.3, 6;
    %dup/vec4;
    %pushi/vec4 4, 0, 3;
    %cmp/u;
    %jmp/1 T_16.4, 6;
    %dup/vec4;
    %pushi/vec4 5, 0, 3;
    %cmp/u;
    %jmp/1 T_16.5, 6;
    %pushi/vec4 0, 0, 3;
    %store/vec4 v0x55e122446de0_0, 0, 3;
    %jmp T_16.7;
T_16.0 ;
    %pushi/vec4 0, 0, 32;
    %assign/vec4 v0x55e122446fa0_0, 0;
    %pushi/vec4 0, 0, 16;
    %assign/vec4 v0x55e1224467e0_0, 0;
    %pushi/vec4 0, 0, 32;
    %assign/vec4 v0x55e1224468a0_0, 0;
    %pushi/vec4 1, 0, 3;
    %store/vec4 v0x55e122446de0_0, 0, 3;
    %jmp T_16.7;
T_16.1 ;
    %load/vec4 v0x55e122446fa0_0;
    %load/vec4 v0x55e122446d00_0;
    %add;
    %assign/vec4 v0x55e122446fa0_0, 0;
    %load/vec4 v0x55e1224466d0_0;
    %assign/vec4 v0x55e1224467e0_0, 0;
    %load/vec4 v0x55e1224469a0_0;
    %assign/vec4 v0x55e1224468a0_0, 0;
    %load/vec4 v0x55e122447080_0;
    %flag_set/vec4 8;
    %jmp/0xz  T_16.8, 8;
    %pushi/vec4 3, 0, 3;
    %store/vec4 v0x55e122446de0_0, 0, 3;
    %jmp T_16.9;
T_16.8 ;
    %pushi/vec4 2, 0, 3;
    %store/vec4 v0x55e122446de0_0, 0, 3;
T_16.9 ;
    %jmp T_16.7;
T_16.2 ;
    %load/vec4 v0x55e122446fa0_0;
    %load/vec4 v0x55e122446d00_0;
    %add;
    %assign/vec4 v0x55e122446fa0_0, 0;
    %load/vec4 v0x55e1224466d0_0;
    %assign/vec4 v0x55e1224467e0_0, 0;
    %load/vec4 v0x55e1224469a0_0;
    %assign/vec4 v0x55e1224468a0_0, 0;
    %load/vec4 v0x55e122447080_0;
    %flag_set/vec4 8;
    %jmp/0xz  T_16.10, 8;
    %pushi/vec4 3, 0, 3;
    %store/vec4 v0x55e122446de0_0, 0, 3;
    %jmp T_16.11;
T_16.10 ;
    %pushi/vec4 1, 0, 3;
    %store/vec4 v0x55e122446de0_0, 0, 3;
T_16.11 ;
    %jmp T_16.7;
T_16.3 ;
    %load/vec4 v0x55e122446fa0_0;
    %assign/vec4 v0x55e1224468a0_0, 0;
    %pushi/vec4 4, 0, 3;
    %store/vec4 v0x55e122446de0_0, 0, 3;
    %jmp T_16.7;
T_16.4 ;
    %load/vec4 v0x55e1224469a0_0;
    %assign/vec4 v0x55e1224468a0_0, 0;
    %pushi/vec4 5, 0, 3;
    %store/vec4 v0x55e122446de0_0, 0, 3;
    %jmp T_16.7;
T_16.5 ;
    %load/vec4 v0x55e1224469a0_0;
    %assign/vec4 v0x55e1224468a0_0, 0;
    %pushi/vec4 4, 0, 3;
    %store/vec4 v0x55e122446de0_0, 0, 3;
    %jmp T_16.7;
T_16.7 ;
    %pop/vec4 1;
    %jmp T_16;
    .thread T_16, $push;
    .scope S_0x55e122445df0;
T_17 ;
    %wait E_0x55e1223a8de0;
    %load/vec4 v0x55e122447120_0;
    %flag_set/vec4 8;
    %jmp/0xz  T_17.0, 8;
    %pushi/vec4 0, 0, 3;
    %store/vec4 v0x55e122446ec0_0, 0, 3;
    %jmp T_17.1;
T_17.0 ;
    %load/vec4 v0x55e122446de0_0;
    %store/vec4 v0x55e122446ec0_0, 0, 3;
T_17.1 ;
    %jmp T_17;
    .thread T_17;
    .scope S_0x55e1224472c0;
T_18 ;
    %wait E_0x55e122447b20;
    %load/vec4 v0x55e122448390_0;
    %dup/vec4;
    %pushi/vec4 0, 0, 3;
    %cmp/u;
    %jmp/1 T_18.0, 6;
    %dup/vec4;
    %pushi/vec4 1, 0, 3;
    %cmp/u;
    %jmp/1 T_18.1, 6;
    %dup/vec4;
    %pushi/vec4 2, 0, 3;
    %cmp/u;
    %jmp/1 T_18.2, 6;
    %dup/vec4;
    %pushi/vec4 3, 0, 3;
    %cmp/u;
    %jmp/1 T_18.3, 6;
    %dup/vec4;
    %pushi/vec4 4, 0, 3;
    %cmp/u;
    %jmp/1 T_18.4, 6;
    %dup/vec4;
    %pushi/vec4 5, 0, 3;
    %cmp/u;
    %jmp/1 T_18.5, 6;
    %pushi/vec4 0, 0, 3;
    %store/vec4 v0x55e1224482b0_0, 0, 3;
    %jmp T_18.7;
T_18.0 ;
    %pushi/vec4 0, 0, 32;
    %assign/vec4 v0x55e122448470_0, 0;
    %pushi/vec4 0, 0, 16;
    %assign/vec4 v0x55e122447cb0_0, 0;
    %pushi/vec4 0, 0, 32;
    %assign/vec4 v0x55e122447d70_0, 0;
    %pushi/vec4 1, 0, 3;
    %store/vec4 v0x55e1224482b0_0, 0, 3;
    %jmp T_18.7;
T_18.1 ;
    %load/vec4 v0x55e122448470_0;
    %load/vec4 v0x55e1224481d0_0;
    %add;
    %assign/vec4 v0x55e122448470_0, 0;
    %load/vec4 v0x55e122447ba0_0;
    %assign/vec4 v0x55e122447cb0_0, 0;
    %load/vec4 v0x55e122447e70_0;
    %assign/vec4 v0x55e122447d70_0, 0;
    %load/vec4 v0x55e122448550_0;
    %flag_set/vec4 8;
    %jmp/0xz  T_18.8, 8;
    %pushi/vec4 3, 0, 3;
    %store/vec4 v0x55e1224482b0_0, 0, 3;
    %jmp T_18.9;
T_18.8 ;
    %pushi/vec4 2, 0, 3;
    %store/vec4 v0x55e1224482b0_0, 0, 3;
T_18.9 ;
    %jmp T_18.7;
T_18.2 ;
    %load/vec4 v0x55e122448470_0;
    %load/vec4 v0x55e1224481d0_0;
    %add;
    %assign/vec4 v0x55e122448470_0, 0;
    %load/vec4 v0x55e122447ba0_0;
    %assign/vec4 v0x55e122447cb0_0, 0;
    %load/vec4 v0x55e122447e70_0;
    %assign/vec4 v0x55e122447d70_0, 0;
    %load/vec4 v0x55e122448550_0;
    %flag_set/vec4 8;
    %jmp/0xz  T_18.10, 8;
    %pushi/vec4 3, 0, 3;
    %store/vec4 v0x55e1224482b0_0, 0, 3;
    %jmp T_18.11;
T_18.10 ;
    %pushi/vec4 1, 0, 3;
    %store/vec4 v0x55e1224482b0_0, 0, 3;
T_18.11 ;
    %jmp T_18.7;
T_18.3 ;
    %load/vec4 v0x55e122448470_0;
    %assign/vec4 v0x55e122447d70_0, 0;
    %pushi/vec4 4, 0, 3;
    %store/vec4 v0x55e1224482b0_0, 0, 3;
    %jmp T_18.7;
T_18.4 ;
    %load/vec4 v0x55e122447e70_0;
    %assign/vec4 v0x55e122447d70_0, 0;
    %pushi/vec4 5, 0, 3;
    %store/vec4 v0x55e1224482b0_0, 0, 3;
    %jmp T_18.7;
T_18.5 ;
    %load/vec4 v0x55e122447e70_0;
    %assign/vec4 v0x55e122447d70_0, 0;
    %pushi/vec4 4, 0, 3;
    %store/vec4 v0x55e1224482b0_0, 0, 3;
    %jmp T_18.7;
T_18.7 ;
    %pop/vec4 1;
    %jmp T_18;
    .thread T_18, $push;
    .scope S_0x55e1224472c0;
T_19 ;
    %wait E_0x55e1223a8de0;
    %load/vec4 v0x55e1224485f0_0;
    %flag_set/vec4 8;
    %jmp/0xz  T_19.0, 8;
    %pushi/vec4 0, 0, 3;
    %store/vec4 v0x55e122448390_0, 0, 3;
    %jmp T_19.1;
T_19.0 ;
    %load/vec4 v0x55e1224482b0_0;
    %store/vec4 v0x55e122448390_0, 0, 3;
T_19.1 ;
    %jmp T_19;
    .thread T_19;
    .scope S_0x55e122449c70;
T_20 ;
    %wait E_0x55e12244a4d0;
    %load/vec4 v0x55e12244ad30_0;
    %dup/vec4;
    %pushi/vec4 0, 0, 3;
    %cmp/u;
    %jmp/1 T_20.0, 6;
    %dup/vec4;
    %pushi/vec4 1, 0, 3;
    %cmp/u;
    %jmp/1 T_20.1, 6;
    %dup/vec4;
    %pushi/vec4 2, 0, 3;
    %cmp/u;
    %jmp/1 T_20.2, 6;
    %dup/vec4;
    %pushi/vec4 3, 0, 3;
    %cmp/u;
    %jmp/1 T_20.3, 6;
    %dup/vec4;
    %pushi/vec4 4, 0, 3;
    %cmp/u;
    %jmp/1 T_20.4, 6;
    %dup/vec4;
    %pushi/vec4 5, 0, 3;
    %cmp/u;
    %jmp/1 T_20.5, 6;
    %pushi/vec4 0, 0, 3;
    %store/vec4 v0x55e12244ac50_0, 0, 3;
    %jmp T_20.7;
T_20.0 ;
    %pushi/vec4 0, 0, 32;
    %assign/vec4 v0x55e12244ae10_0, 0;
    %pushi/vec4 0, 0, 16;
    %assign/vec4 v0x55e12244a660_0, 0;
    %pushi/vec4 0, 0, 32;
    %assign/vec4 v0x55e12244a730_0, 0;
    %pushi/vec4 1, 0, 3;
    %store/vec4 v0x55e12244ac50_0, 0, 3;
    %jmp T_20.7;
T_20.1 ;
    %load/vec4 v0x55e12244ae10_0;
    %load/vec4 v0x55e12244ab70_0;
    %add;
    %assign/vec4 v0x55e12244ae10_0, 0;
    %load/vec4 v0x55e12244a550_0;
    %assign/vec4 v0x55e12244a660_0, 0;
    %load/vec4 v0x55e12244a830_0;
    %assign/vec4 v0x55e12244a730_0, 0;
    %load/vec4 v0x55e12244aef0_0;
    %flag_set/vec4 8;
    %jmp/0xz  T_20.8, 8;
    %pushi/vec4 3, 0, 3;
    %store/vec4 v0x55e12244ac50_0, 0, 3;
    %jmp T_20.9;
T_20.8 ;
    %pushi/vec4 2, 0, 3;
    %store/vec4 v0x55e12244ac50_0, 0, 3;
T_20.9 ;
    %jmp T_20.7;
T_20.2 ;
    %load/vec4 v0x55e12244ae10_0;
    %load/vec4 v0x55e12244ab70_0;
    %add;
    %assign/vec4 v0x55e12244ae10_0, 0;
    %load/vec4 v0x55e12244a550_0;
    %assign/vec4 v0x55e12244a660_0, 0;
    %load/vec4 v0x55e12244a830_0;
    %assign/vec4 v0x55e12244a730_0, 0;
    %load/vec4 v0x55e12244aef0_0;
    %flag_set/vec4 8;
    %jmp/0xz  T_20.10, 8;
    %pushi/vec4 3, 0, 3;
    %store/vec4 v0x55e12244ac50_0, 0, 3;
    %jmp T_20.11;
T_20.10 ;
    %pushi/vec4 1, 0, 3;
    %store/vec4 v0x55e12244ac50_0, 0, 3;
T_20.11 ;
    %jmp T_20.7;
T_20.3 ;
    %load/vec4 v0x55e12244ae10_0;
    %assign/vec4 v0x55e12244a730_0, 0;
    %pushi/vec4 4, 0, 3;
    %store/vec4 v0x55e12244ac50_0, 0, 3;
    %jmp T_20.7;
T_20.4 ;
    %load/vec4 v0x55e12244a830_0;
    %assign/vec4 v0x55e12244a730_0, 0;
    %pushi/vec4 5, 0, 3;
    %store/vec4 v0x55e12244ac50_0, 0, 3;
    %jmp T_20.7;
T_20.5 ;
    %load/vec4 v0x55e12244a830_0;
    %assign/vec4 v0x55e12244a730_0, 0;
    %pushi/vec4 4, 0, 3;
    %store/vec4 v0x55e12244ac50_0, 0, 3;
    %jmp T_20.7;
T_20.7 ;
    %pop/vec4 1;
    %jmp T_20;
    .thread T_20, $push;
    .scope S_0x55e122449c70;
T_21 ;
    %wait E_0x55e1223a8de0;
    %load/vec4 v0x55e12244af90_0;
    %flag_set/vec4 8;
    %jmp/0xz  T_21.0, 8;
    %pushi/vec4 0, 0, 3;
    %store/vec4 v0x55e12244ad30_0, 0, 3;
    %jmp T_21.1;
T_21.0 ;
    %load/vec4 v0x55e12244ac50_0;
    %store/vec4 v0x55e12244ad30_0, 0, 3;
T_21.1 ;
    %jmp T_21;
    .thread T_21;
    .scope S_0x55e122439d60;
T_22 ;
    %wait E_0x55e122391b30;
    %load/vec4 v0x55e12243aa90_0;
    %dup/vec4;
    %pushi/vec4 0, 0, 3;
    %cmp/u;
    %jmp/1 T_22.0, 6;
    %dup/vec4;
    %pushi/vec4 1, 0, 3;
    %cmp/u;
    %jmp/1 T_22.1, 6;
    %dup/vec4;
    %pushi/vec4 2, 0, 3;
    %cmp/u;
    %jmp/1 T_22.2, 6;
    %dup/vec4;
    %pushi/vec4 3, 0, 3;
    %cmp/u;
    %jmp/1 T_22.3, 6;
    %dup/vec4;
    %pushi/vec4 4, 0, 3;
    %cmp/u;
    %jmp/1 T_22.4, 6;
    %dup/vec4;
    %pushi/vec4 5, 0, 3;
    %cmp/u;
    %jmp/1 T_22.5, 6;
    %pushi/vec4 0, 0, 3;
    %store/vec4 v0x55e12243a9b0_0, 0, 3;
    %jmp T_22.7;
T_22.0 ;
    %pushi/vec4 0, 0, 32;
    %assign/vec4 v0x55e12243ab70_0, 0;
    %pushi/vec4 0, 0, 16;
    %assign/vec4 v0x55e12243a3c0_0, 0;
    %pushi/vec4 0, 0, 32;
    %assign/vec4 v0x55e12243a4a0_0, 0;
    %pushi/vec4 1, 0, 3;
    %store/vec4 v0x55e12243a9b0_0, 0, 3;
    %jmp T_22.7;
T_22.1 ;
    %load/vec4 v0x55e12243ab70_0;
    %load/vec4 v0x55e12243a8d0_0;
    %add;
    %assign/vec4 v0x55e12243ab70_0, 0;
    %load/vec4 v0x55e12243a2c0_0;
    %assign/vec4 v0x55e12243a3c0_0, 0;
    %load/vec4 v0x55e12243a590_0;
    %assign/vec4 v0x55e12243a4a0_0, 0;
    %load/vec4 v0x55e12243ac50_0;
    %flag_set/vec4 8;
    %jmp/0xz  T_22.8, 8;
    %pushi/vec4 3, 0, 3;
    %store/vec4 v0x55e12243a9b0_0, 0, 3;
    %jmp T_22.9;
T_22.8 ;
    %pushi/vec4 2, 0, 3;
    %store/vec4 v0x55e12243a9b0_0, 0, 3;
T_22.9 ;
    %jmp T_22.7;
T_22.2 ;
    %load/vec4 v0x55e12243ab70_0;
    %load/vec4 v0x55e12243a8d0_0;
    %add;
    %assign/vec4 v0x55e12243ab70_0, 0;
    %load/vec4 v0x55e12243a2c0_0;
    %assign/vec4 v0x55e12243a3c0_0, 0;
    %load/vec4 v0x55e12243a590_0;
    %assign/vec4 v0x55e12243a4a0_0, 0;
    %load/vec4 v0x55e12243ac50_0;
    %flag_set/vec4 8;
    %jmp/0xz  T_22.10, 8;
    %pushi/vec4 3, 0, 3;
    %store/vec4 v0x55e12243a9b0_0, 0, 3;
    %jmp T_22.11;
T_22.10 ;
    %pushi/vec4 1, 0, 3;
    %store/vec4 v0x55e12243a9b0_0, 0, 3;
T_22.11 ;
    %jmp T_22.7;
T_22.3 ;
    %load/vec4 v0x55e12243ab70_0;
    %assign/vec4 v0x55e12243a4a0_0, 0;
    %pushi/vec4 4, 0, 3;
    %store/vec4 v0x55e12243a9b0_0, 0, 3;
    %jmp T_22.7;
T_22.4 ;
    %load/vec4 v0x55e12243a590_0;
    %assign/vec4 v0x55e12243a4a0_0, 0;
    %pushi/vec4 5, 0, 3;
    %store/vec4 v0x55e12243a9b0_0, 0, 3;
    %jmp T_22.7;
T_22.5 ;
    %load/vec4 v0x55e12243a590_0;
    %assign/vec4 v0x55e12243a4a0_0, 0;
    %pushi/vec4 4, 0, 3;
    %store/vec4 v0x55e12243a9b0_0, 0, 3;
    %jmp T_22.7;
T_22.7 ;
    %pop/vec4 1;
    %jmp T_22;
    .thread T_22, $push;
    .scope S_0x55e122439d60;
T_23 ;
    %wait E_0x55e1223a8de0;
    %load/vec4 v0x55e12243acf0_0;
    %flag_set/vec4 8;
    %jmp/0xz  T_23.0, 8;
    %pushi/vec4 0, 0, 3;
    %store/vec4 v0x55e12243aa90_0, 0, 3;
    %jmp T_23.1;
T_23.0 ;
    %load/vec4 v0x55e12243a9b0_0;
    %store/vec4 v0x55e12243aa90_0, 0, 3;
T_23.1 ;
    %jmp T_23;
    .thread T_23;
    .scope S_0x55e12243af30;
T_24 ;
    %wait E_0x55e122421610;
    %load/vec4 v0x55e12243bc20_0;
    %dup/vec4;
    %pushi/vec4 0, 0, 3;
    %cmp/u;
    %jmp/1 T_24.0, 6;
    %dup/vec4;
    %pushi/vec4 1, 0, 3;
    %cmp/u;
    %jmp/1 T_24.1, 6;
    %dup/vec4;
    %pushi/vec4 2, 0, 3;
    %cmp/u;
    %jmp/1 T_24.2, 6;
    %dup/vec4;
    %pushi/vec4 3, 0, 3;
    %cmp/u;
    %jmp/1 T_24.3, 6;
    %dup/vec4;
    %pushi/vec4 4, 0, 3;
    %cmp/u;
    %jmp/1 T_24.4, 6;
    %dup/vec4;
    %pushi/vec4 5, 0, 3;
    %cmp/u;
    %jmp/1 T_24.5, 6;
    %pushi/vec4 0, 0, 3;
    %store/vec4 v0x55e12243bb40_0, 0, 3;
    %jmp T_24.7;
T_24.0 ;
    %pushi/vec4 0, 0, 32;
    %assign/vec4 v0x55e12243bd00_0, 0;
    %pushi/vec4 0, 0, 16;
    %assign/vec4 v0x55e12243b520_0, 0;
    %pushi/vec4 0, 0, 32;
    %assign/vec4 v0x55e12243b5e0_0, 0;
    %pushi/vec4 1, 0, 3;
    %store/vec4 v0x55e12243bb40_0, 0, 3;
    %jmp T_24.7;
T_24.1 ;
    %load/vec4 v0x55e12243bd00_0;
    %load/vec4 v0x55e12243ba60_0;
    %add;
    %assign/vec4 v0x55e12243bd00_0, 0;
    %load/vec4 v0x55e12243b410_0;
    %assign/vec4 v0x55e12243b520_0, 0;
    %load/vec4 v0x55e12243b6d0_0;
    %assign/vec4 v0x55e12243b5e0_0, 0;
    %load/vec4 v0x55e12243bde0_0;
    %flag_set/vec4 8;
    %jmp/0xz  T_24.8, 8;
    %pushi/vec4 3, 0, 3;
    %store/vec4 v0x55e12243bb40_0, 0, 3;
    %jmp T_24.9;
T_24.8 ;
    %pushi/vec4 2, 0, 3;
    %store/vec4 v0x55e12243bb40_0, 0, 3;
T_24.9 ;
    %jmp T_24.7;
T_24.2 ;
    %load/vec4 v0x55e12243bd00_0;
    %load/vec4 v0x55e12243ba60_0;
    %add;
    %assign/vec4 v0x55e12243bd00_0, 0;
    %load/vec4 v0x55e12243b410_0;
    %assign/vec4 v0x55e12243b520_0, 0;
    %load/vec4 v0x55e12243b6d0_0;
    %assign/vec4 v0x55e12243b5e0_0, 0;
    %load/vec4 v0x55e12243bde0_0;
    %flag_set/vec4 8;
    %jmp/0xz  T_24.10, 8;
    %pushi/vec4 3, 0, 3;
    %store/vec4 v0x55e12243bb40_0, 0, 3;
    %jmp T_24.11;
T_24.10 ;
    %pushi/vec4 1, 0, 3;
    %store/vec4 v0x55e12243bb40_0, 0, 3;
T_24.11 ;
    %jmp T_24.7;
T_24.3 ;
    %load/vec4 v0x55e12243bd00_0;
    %assign/vec4 v0x55e12243b5e0_0, 0;
    %pushi/vec4 4, 0, 3;
    %store/vec4 v0x55e12243bb40_0, 0, 3;
    %jmp T_24.7;
T_24.4 ;
    %load/vec4 v0x55e12243b6d0_0;
    %assign/vec4 v0x55e12243b5e0_0, 0;
    %pushi/vec4 5, 0, 3;
    %store/vec4 v0x55e12243bb40_0, 0, 3;
    %jmp T_24.7;
T_24.5 ;
    %load/vec4 v0x55e12243b6d0_0;
    %assign/vec4 v0x55e12243b5e0_0, 0;
    %pushi/vec4 4, 0, 3;
    %store/vec4 v0x55e12243bb40_0, 0, 3;
    %jmp T_24.7;
T_24.7 ;
    %pop/vec4 1;
    %jmp T_24;
    .thread T_24, $push;
    .scope S_0x55e12243af30;
T_25 ;
    %wait E_0x55e1223a8de0;
    %load/vec4 v0x55e12243be80_0;
    %flag_set/vec4 8;
    %jmp/0xz  T_25.0, 8;
    %pushi/vec4 0, 0, 3;
    %store/vec4 v0x55e12243bc20_0, 0, 3;
    %jmp T_25.1;
T_25.0 ;
    %load/vec4 v0x55e12243bb40_0;
    %store/vec4 v0x55e12243bc20_0, 0, 3;
T_25.1 ;
    %jmp T_25;
    .thread T_25;
    .scope S_0x55e12243d2f0;
T_26 ;
    %wait E_0x55e12243d860;
    %load/vec4 v0x55e12243e0a0_0;
    %dup/vec4;
    %pushi/vec4 0, 0, 3;
    %cmp/u;
    %jmp/1 T_26.0, 6;
    %dup/vec4;
    %pushi/vec4 1, 0, 3;
    %cmp/u;
    %jmp/1 T_26.1, 6;
    %dup/vec4;
    %pushi/vec4 2, 0, 3;
    %cmp/u;
    %jmp/1 T_26.2, 6;
    %dup/vec4;
    %pushi/vec4 3, 0, 3;
    %cmp/u;
    %jmp/1 T_26.3, 6;
    %dup/vec4;
    %pushi/vec4 4, 0, 3;
    %cmp/u;
    %jmp/1 T_26.4, 6;
    %dup/vec4;
    %pushi/vec4 5, 0, 3;
    %cmp/u;
    %jmp/1 T_26.5, 6;
    %pushi/vec4 0, 0, 3;
    %store/vec4 v0x55e12243dfc0_0, 0, 3;
    %jmp T_26.7;
T_26.0 ;
    %pushi/vec4 0, 0, 32;
    %assign/vec4 v0x55e12243e180_0, 0;
    %pushi/vec4 0, 0, 16;
    %assign/vec4 v0x55e12243d9f0_0, 0;
    %pushi/vec4 0, 0, 32;
    %assign/vec4 v0x55e12243dab0_0, 0;
    %pushi/vec4 1, 0, 3;
    %store/vec4 v0x55e12243dfc0_0, 0, 3;
    %jmp T_26.7;
T_26.1 ;
    %load/vec4 v0x55e12243e180_0;
    %load/vec4 v0x55e12243dee0_0;
    %add;
    %assign/vec4 v0x55e12243e180_0, 0;
    %load/vec4 v0x55e12243d8e0_0;
    %assign/vec4 v0x55e12243d9f0_0, 0;
    %load/vec4 v0x55e12243dba0_0;
    %assign/vec4 v0x55e12243dab0_0, 0;
    %load/vec4 v0x55e12243e260_0;
    %flag_set/vec4 8;
    %jmp/0xz  T_26.8, 8;
    %pushi/vec4 3, 0, 3;
    %store/vec4 v0x55e12243dfc0_0, 0, 3;
    %jmp T_26.9;
T_26.8 ;
    %pushi/vec4 2, 0, 3;
    %store/vec4 v0x55e12243dfc0_0, 0, 3;
T_26.9 ;
    %jmp T_26.7;
T_26.2 ;
    %load/vec4 v0x55e12243e180_0;
    %load/vec4 v0x55e12243dee0_0;
    %add;
    %assign/vec4 v0x55e12243e180_0, 0;
    %load/vec4 v0x55e12243d8e0_0;
    %assign/vec4 v0x55e12243d9f0_0, 0;
    %load/vec4 v0x55e12243dba0_0;
    %assign/vec4 v0x55e12243dab0_0, 0;
    %load/vec4 v0x55e12243e260_0;
    %flag_set/vec4 8;
    %jmp/0xz  T_26.10, 8;
    %pushi/vec4 3, 0, 3;
    %store/vec4 v0x55e12243dfc0_0, 0, 3;
    %jmp T_26.11;
T_26.10 ;
    %pushi/vec4 1, 0, 3;
    %store/vec4 v0x55e12243dfc0_0, 0, 3;
T_26.11 ;
    %jmp T_26.7;
T_26.3 ;
    %load/vec4 v0x55e12243e180_0;
    %assign/vec4 v0x55e12243dab0_0, 0;
    %pushi/vec4 4, 0, 3;
    %store/vec4 v0x55e12243dfc0_0, 0, 3;
    %jmp T_26.7;
T_26.4 ;
    %load/vec4 v0x55e12243dba0_0;
    %assign/vec4 v0x55e12243dab0_0, 0;
    %pushi/vec4 5, 0, 3;
    %store/vec4 v0x55e12243dfc0_0, 0, 3;
    %jmp T_26.7;
T_26.5 ;
    %load/vec4 v0x55e12243dba0_0;
    %assign/vec4 v0x55e12243dab0_0, 0;
    %pushi/vec4 4, 0, 3;
    %store/vec4 v0x55e12243dfc0_0, 0, 3;
    %jmp T_26.7;
T_26.7 ;
    %pop/vec4 1;
    %jmp T_26;
    .thread T_26, $push;
    .scope S_0x55e12243d2f0;
T_27 ;
    %wait E_0x55e1223a8de0;
    %load/vec4 v0x55e12243e300_0;
    %flag_set/vec4 8;
    %jmp/0xz  T_27.0, 8;
    %pushi/vec4 0, 0, 3;
    %store/vec4 v0x55e12243e0a0_0, 0, 3;
    %jmp T_27.1;
T_27.0 ;
    %load/vec4 v0x55e12243dfc0_0;
    %store/vec4 v0x55e12243e0a0_0, 0, 3;
T_27.1 ;
    %jmp T_27;
    .thread T_27;
    .scope S_0x55e12243e4a0;
T_28 ;
    %wait E_0x55e12243ea10;
    %load/vec4 v0x55e12243f290_0;
    %dup/vec4;
    %pushi/vec4 0, 0, 3;
    %cmp/u;
    %jmp/1 T_28.0, 6;
    %dup/vec4;
    %pushi/vec4 1, 0, 3;
    %cmp/u;
    %jmp/1 T_28.1, 6;
    %dup/vec4;
    %pushi/vec4 2, 0, 3;
    %cmp/u;
    %jmp/1 T_28.2, 6;
    %dup/vec4;
    %pushi/vec4 3, 0, 3;
    %cmp/u;
    %jmp/1 T_28.3, 6;
    %dup/vec4;
    %pushi/vec4 4, 0, 3;
    %cmp/u;
    %jmp/1 T_28.4, 6;
    %dup/vec4;
    %pushi/vec4 5, 0, 3;
    %cmp/u;
    %jmp/1 T_28.5, 6;
    %pushi/vec4 0, 0, 3;
    %store/vec4 v0x55e12243f1b0_0, 0, 3;
    %jmp T_28.7;
T_28.0 ;
    %pushi/vec4 0, 0, 32;
    %assign/vec4 v0x55e12243f370_0, 0;
    %pushi/vec4 0, 0, 16;
    %assign/vec4 v0x55e12243eba0_0, 0;
    %pushi/vec4 0, 0, 32;
    %assign/vec4 v0x55e12243ec60_0, 0;
    %pushi/vec4 1, 0, 3;
    %store/vec4 v0x55e12243f1b0_0, 0, 3;
    %jmp T_28.7;
T_28.1 ;
    %load/vec4 v0x55e12243f370_0;
    %load/vec4 v0x55e12243f0d0_0;
    %add;
    %assign/vec4 v0x55e12243f370_0, 0;
    %load/vec4 v0x55e12243ea90_0;
    %assign/vec4 v0x55e12243eba0_0, 0;
    %load/vec4 v0x55e12243ed50_0;
    %assign/vec4 v0x55e12243ec60_0, 0;
    %load/vec4 v0x55e12243f450_0;
    %flag_set/vec4 8;
    %jmp/0xz  T_28.8, 8;
    %pushi/vec4 3, 0, 3;
    %store/vec4 v0x55e12243f1b0_0, 0, 3;
    %jmp T_28.9;
T_28.8 ;
    %pushi/vec4 2, 0, 3;
    %store/vec4 v0x55e12243f1b0_0, 0, 3;
T_28.9 ;
    %jmp T_28.7;
T_28.2 ;
    %load/vec4 v0x55e12243f370_0;
    %load/vec4 v0x55e12243f0d0_0;
    %add;
    %assign/vec4 v0x55e12243f370_0, 0;
    %load/vec4 v0x55e12243ea90_0;
    %assign/vec4 v0x55e12243eba0_0, 0;
    %load/vec4 v0x55e12243ed50_0;
    %assign/vec4 v0x55e12243ec60_0, 0;
    %load/vec4 v0x55e12243f450_0;
    %flag_set/vec4 8;
    %jmp/0xz  T_28.10, 8;
    %pushi/vec4 3, 0, 3;
    %store/vec4 v0x55e12243f1b0_0, 0, 3;
    %jmp T_28.11;
T_28.10 ;
    %pushi/vec4 1, 0, 3;
    %store/vec4 v0x55e12243f1b0_0, 0, 3;
T_28.11 ;
    %jmp T_28.7;
T_28.3 ;
    %load/vec4 v0x55e12243f370_0;
    %assign/vec4 v0x55e12243ec60_0, 0;
    %pushi/vec4 4, 0, 3;
    %store/vec4 v0x55e12243f1b0_0, 0, 3;
    %jmp T_28.7;
T_28.4 ;
    %load/vec4 v0x55e12243ed50_0;
    %assign/vec4 v0x55e12243ec60_0, 0;
    %pushi/vec4 5, 0, 3;
    %store/vec4 v0x55e12243f1b0_0, 0, 3;
    %jmp T_28.7;
T_28.5 ;
    %load/vec4 v0x55e12243ed50_0;
    %assign/vec4 v0x55e12243ec60_0, 0;
    %pushi/vec4 4, 0, 3;
    %store/vec4 v0x55e12243f1b0_0, 0, 3;
    %jmp T_28.7;
T_28.7 ;
    %pop/vec4 1;
    %jmp T_28;
    .thread T_28, $push;
    .scope S_0x55e12243e4a0;
T_29 ;
    %wait E_0x55e1223a8de0;
    %load/vec4 v0x55e12243f4f0_0;
    %flag_set/vec4 8;
    %jmp/0xz  T_29.0, 8;
    %pushi/vec4 0, 0, 3;
    %store/vec4 v0x55e12243f290_0, 0, 3;
    %jmp T_29.1;
T_29.0 ;
    %load/vec4 v0x55e12243f1b0_0;
    %store/vec4 v0x55e12243f290_0, 0, 3;
T_29.1 ;
    %jmp T_29;
    .thread T_29;
    .scope S_0x55e12243f690;
T_30 ;
    %wait E_0x55e12243fe20;
    %load/vec4 v0x55e1224406a0_0;
    %dup/vec4;
    %pushi/vec4 0, 0, 3;
    %cmp/u;
    %jmp/1 T_30.0, 6;
    %dup/vec4;
    %pushi/vec4 1, 0, 3;
    %cmp/u;
    %jmp/1 T_30.1, 6;
    %dup/vec4;
    %pushi/vec4 2, 0, 3;
    %cmp/u;
    %jmp/1 T_30.2, 6;
    %dup/vec4;
    %pushi/vec4 3, 0, 3;
    %cmp/u;
    %jmp/1 T_30.3, 6;
    %dup/vec4;
    %pushi/vec4 4, 0, 3;
    %cmp/u;
    %jmp/1 T_30.4, 6;
    %dup/vec4;
    %pushi/vec4 5, 0, 3;
    %cmp/u;
    %jmp/1 T_30.5, 6;
    %pushi/vec4 0, 0, 3;
    %store/vec4 v0x55e1224405c0_0, 0, 3;
    %jmp T_30.7;
T_30.0 ;
    %pushi/vec4 0, 0, 32;
    %assign/vec4 v0x55e122440780_0, 0;
    %pushi/vec4 0, 0, 16;
    %assign/vec4 v0x55e12243ffb0_0, 0;
    %pushi/vec4 0, 0, 32;
    %assign/vec4 v0x55e122440070_0, 0;
    %pushi/vec4 1, 0, 3;
    %store/vec4 v0x55e1224405c0_0, 0, 3;
    %jmp T_30.7;
T_30.1 ;
    %load/vec4 v0x55e122440780_0;
    %load/vec4 v0x55e1224404e0_0;
    %add;
    %assign/vec4 v0x55e122440780_0, 0;
    %load/vec4 v0x55e12243fea0_0;
    %assign/vec4 v0x55e12243ffb0_0, 0;
    %load/vec4 v0x55e122440160_0;
    %assign/vec4 v0x55e122440070_0, 0;
    %load/vec4 v0x55e122440860_0;
    %flag_set/vec4 8;
    %jmp/0xz  T_30.8, 8;
    %pushi/vec4 3, 0, 3;
    %store/vec4 v0x55e1224405c0_0, 0, 3;
    %jmp T_30.9;
T_30.8 ;
    %pushi/vec4 2, 0, 3;
    %store/vec4 v0x55e1224405c0_0, 0, 3;
T_30.9 ;
    %jmp T_30.7;
T_30.2 ;
    %load/vec4 v0x55e122440780_0;
    %load/vec4 v0x55e1224404e0_0;
    %add;
    %assign/vec4 v0x55e122440780_0, 0;
    %load/vec4 v0x55e12243fea0_0;
    %assign/vec4 v0x55e12243ffb0_0, 0;
    %load/vec4 v0x55e122440160_0;
    %assign/vec4 v0x55e122440070_0, 0;
    %load/vec4 v0x55e122440860_0;
    %flag_set/vec4 8;
    %jmp/0xz  T_30.10, 8;
    %pushi/vec4 3, 0, 3;
    %store/vec4 v0x55e1224405c0_0, 0, 3;
    %jmp T_30.11;
T_30.10 ;
    %pushi/vec4 1, 0, 3;
    %store/vec4 v0x55e1224405c0_0, 0, 3;
T_30.11 ;
    %jmp T_30.7;
T_30.3 ;
    %load/vec4 v0x55e122440780_0;
    %assign/vec4 v0x55e122440070_0, 0;
    %pushi/vec4 4, 0, 3;
    %store/vec4 v0x55e1224405c0_0, 0, 3;
    %jmp T_30.7;
T_30.4 ;
    %load/vec4 v0x55e122440160_0;
    %assign/vec4 v0x55e122440070_0, 0;
    %pushi/vec4 5, 0, 3;
    %store/vec4 v0x55e1224405c0_0, 0, 3;
    %jmp T_30.7;
T_30.5 ;
    %load/vec4 v0x55e122440160_0;
    %assign/vec4 v0x55e122440070_0, 0;
    %pushi/vec4 4, 0, 3;
    %store/vec4 v0x55e1224405c0_0, 0, 3;
    %jmp T_30.7;
T_30.7 ;
    %pop/vec4 1;
    %jmp T_30;
    .thread T_30, $push;
    .scope S_0x55e12243f690;
T_31 ;
    %wait E_0x55e1223a8de0;
    %load/vec4 v0x55e122440900_0;
    %flag_set/vec4 8;
    %jmp/0xz  T_31.0, 8;
    %pushi/vec4 0, 0, 3;
    %store/vec4 v0x55e1224406a0_0, 0, 3;
    %jmp T_31.1;
T_31.0 ;
    %load/vec4 v0x55e1224405c0_0;
    %store/vec4 v0x55e1224406a0_0, 0, 3;
T_31.1 ;
    %jmp T_31;
    .thread T_31;
    .scope S_0x55e12241fcb0;
T_32 ;
    %delay 15, 0;
    %vpi_func 2 50 "$fopen" 32, "B_TB.txt", "r" {0 0 0};
    %store/vec4 v0x55e12244d2a0_0, 0, 32;
T_32.0 ;
    %vpi_func 2 52 "$feof" 32, v0x55e12244d2a0_0 {0 0 0};
    %nor/r;
    %flag_set/vec4 8;
    %jmp/0xz T_32.1, 8;
    %vpi_func 2 54 "$fscanf" 32, v0x55e12244d2a0_0, "%d %d %d %d\012", v0x55e12244e0d0_0, v0x55e12244e1e0_0, v0x55e12244e2f0_0, v0x55e12244e400_0 {0 0 0};
    %store/vec4 v0x55e12244d470_0, 0, 32;
    %delay 20, 0;
    %jmp T_32.0;
T_32.1 ;
    %vpi_call 2 58 "$fclose", v0x55e12244d2a0_0 {0 0 0};
    %end;
    .thread T_32;
    .scope S_0x55e12241fcb0;
T_33 ;
    %delay 15, 0;
    %vpi_func 2 67 "$fopen" 32, "A_TB.txt", "r" {0 0 0};
    %store/vec4 v0x55e122415eb0_0, 0, 32;
T_33.0 ;
    %vpi_func 2 69 "$feof" 32, v0x55e122415eb0_0 {0 0 0};
    %nor/r;
    %flag_set/vec4 8;
    %jmp/0xz T_33.1, 8;
    %vpi_func 2 71 "$fscanf" 32, v0x55e122415eb0_0, "%d %d %d %d\012", v0x55e12244d550_0, v0x55e12244d7c0_0, v0x55e12244d8d0_0, v0x55e12244d6b0_0 {0 0 0};
    %store/vec4 v0x55e12244d380_0, 0, 32;
    %delay 20, 0;
    %jmp T_33.0;
T_33.1 ;
    %vpi_call 2 75 "$fclose", v0x55e122415eb0_0 {0 0 0};
    %end;
    .thread T_33;
    .scope S_0x55e12241fcb0;
T_34 ;
    %pushi/vec4 1, 0, 1;
    %assign/vec4 v0x55e12244e650_0, 0;
    %pushi/vec4 0, 0, 1;
    %assign/vec4 v0x55e12244e510_0, 0;
    %delay 15, 0;
    %pushi/vec4 0, 0, 1;
    %assign/vec4 v0x55e12244e650_0, 0;
    %end;
    .thread T_34;
    .scope S_0x55e12241fcb0;
T_35 ;
    %pushi/vec4 30, 0, 32;
T_35.0 %dup/vec4;
    %pushi/vec4 0, 0, 32;
    %cmp/s;
    %jmp/1xz T_35.1, 5;
    %jmp/1 T_35.1, 4;
    %pushi/vec4 1, 0, 32;
    %sub;
    %delay 10, 0;
    %load/vec4 v0x55e12244e510_0;
    %inv;
    %assign/vec4 v0x55e12244e510_0, 0;
    %jmp T_35.0;
T_35.1 ;
    %pop/vec4 1;
    %end;
    .thread T_35;
    .scope S_0x55e12241fcb0;
T_36 ;
    %pushi/vec4 0, 0, 1;
    %store/vec4 v0x55e12244e5b0_0, 0, 1;
    %delay 223, 0;
    %pushi/vec4 1, 0, 1;
    %store/vec4 v0x55e12244e5b0_0, 0, 1;
    %delay 20, 0;
    %pushi/vec4 0, 0, 1;
    %store/vec4 v0x55e12244e5b0_0, 0, 1;
    %end;
    .thread T_36;
    .scope S_0x55e12241fcb0;
T_37 ;
    %vpi_call 2 104 "$dumpfile", "VCD_FILE.vcd" {0 0 0};
    %vpi_call 2 105 "$dumpvars" {0 0 0};
    %end;
    .thread T_37;
# The file index is used to find the file name in the following table.
:file_names 5;
    "N/A";
    "<interactive>";
    "tb_systolic_array_4x4.v";
    "systolic_array_4x4.v";
    "fsm_pe.v";
